2024-08-09T00:11:03.302+05:30  INFO 7152 --- [SpringBootWithDataJPA] [RMI TCP Connection(711)-127.0.0.1] inMXBeanRegistrar$SpringApplicationAdmin : Application shutdown requested.
2024-08-09T00:11:03.426+05:30  INFO 7152 --- [SpringBootWithDataJPA] [RMI TCP Connection(711)-127.0.0.1] j.LocalContainerEntityManagerFactoryBean : Closing JPA EntityManagerFactory for persistence unit 'default'
2024-08-09T00:11:03.450+05:30  INFO 7152 --- [SpringBootWithDataJPA] [RMI TCP Connection(711)-127.0.0.1] com.zaxxer.hikari.HikariDataSource       : HikariPool-1 - Shutdown initiated...
2024-08-09T00:11:03.462+05:30  INFO 7152 --- [SpringBootWithDataJPA] [RMI TCP Connection(711)-127.0.0.1] com.zaxxer.hikari.HikariDataSource       : HikariPool-1 - Shutdown completed.
2024-08-09T14:39:44.012+05:30  INFO 8508 --- [SpringBootWithDataJPA] [main] c.e.d.SpringBootWithDataJpaApplication   : Starting SpringBootWithDataJpaApplication using Java 17.0.9 with PID 8508 (D:\Spring core\SpringBootWithDataJPA\target\classes started by user in D:\Spring core\SpringBootWithDataJPA)
2024-08-09T14:39:44.014+05:30  INFO 8508 --- [SpringBootWithDataJPA] [main] c.e.d.SpringBootWithDataJpaApplication   : No active profile set, falling back to 1 default profile: "default"
2024-08-09T14:39:45.101+05:30  INFO 8508 --- [SpringBootWithDataJPA] [main] .s.d.r.c.RepositoryConfigurationDelegate : Bootstrapping Spring Data JPA repositories in DEFAULT mode.
2024-08-09T14:39:45.198+05:30  INFO 8508 --- [SpringBootWithDataJPA] [main] .s.d.r.c.RepositoryConfigurationDelegate : Finished Spring Data repository scanning in 80 ms. Found 1 JPA repository interface.
2024-08-09T14:39:45.965+05:30  INFO 8508 --- [SpringBootWithDataJPA] [main] o.s.b.w.embedded.tomcat.TomcatWebServer  : Tomcat initialized with port 8080 (http)
2024-08-09T14:39:45.998+05:30  INFO 8508 --- [SpringBootWithDataJPA] [main] o.apache.catalina.core.StandardService   : Starting service [Tomcat]
2024-08-09T14:39:45.998+05:30  INFO 8508 --- [SpringBootWithDataJPA] [main] o.apache.catalina.core.StandardEngine    : Starting Servlet engine: [Apache Tomcat/10.1.20]
2024-08-09T14:39:46.098+05:30  INFO 8508 --- [SpringBootWithDataJPA] [main] o.a.c.c.C.[Tomcat].[localhost].[/]       : Initializing Spring embedded WebApplicationContext
2024-08-09T14:39:46.098+05:30  INFO 8508 --- [SpringBootWithDataJPA] [main] w.s.c.ServletWebServerApplicationContext : Root WebApplicationContext: initialization completed in 2016 ms
2024-08-09T14:39:46.447+05:30  INFO 8508 --- [SpringBootWithDataJPA] [main] o.hibernate.jpa.internal.util.LogHelper  : HHH000204: Processing PersistenceUnitInfo [name: default]
2024-08-09T14:39:46.568+05:30  INFO 8508 --- [SpringBootWithDataJPA] [main] org.hibernate.Version                    : HHH000412: Hibernate ORM core version 6.4.4.Final
2024-08-09T14:39:46.624+05:30  INFO 8508 --- [SpringBootWithDataJPA] [main] o.h.c.internal.RegionFactoryInitiator    : HHH000026: Second-level cache disabled
2024-08-09T14:39:47.049+05:30  INFO 8508 --- [SpringBootWithDataJPA] [main] o.s.o.j.p.SpringPersistenceUnitInfo      : No LoadTimeWeaver setup: ignoring JPA class transformer
2024-08-09T14:39:47.099+05:30  INFO 8508 --- [SpringBootWithDataJPA] [main] com.zaxxer.hikari.HikariDataSource       : HikariPool-1 - Starting...
2024-08-09T14:39:47.719+05:30  INFO 8508 --- [SpringBootWithDataJPA] [main] com.zaxxer.hikari.pool.HikariPool        : HikariPool-1 - Added connection com.mysql.cj.jdbc.ConnectionImpl@67b8d45
2024-08-09T14:39:47.722+05:30  INFO 8508 --- [SpringBootWithDataJPA] [main] com.zaxxer.hikari.HikariDataSource       : HikariPool-1 - Start completed.
2024-08-09T14:39:47.848+05:30  WARN 8508 --- [SpringBootWithDataJPA] [main] org.hibernate.orm.deprecation            : HHH90000025: MySQL8Dialect does not need to be specified explicitly using 'hibernate.dialect' (remove the property setting and it will be selected by default)
2024-08-09T14:39:47.849+05:30  WARN 8508 --- [SpringBootWithDataJPA] [main] org.hibernate.orm.deprecation            : HHH90000026: MySQL8Dialect has been deprecated; use org.hibernate.dialect.MySQLDialect instead
2024-08-09T14:39:49.218+05:30  INFO 8508 --- [SpringBootWithDataJPA] [main] o.h.e.t.j.p.i.JtaPlatformInitiator       : HHH000489: No JTA platform available (set 'hibernate.transaction.jta.platform' to enable JTA platform integration)
2024-08-09T14:39:49.439+05:30  INFO 8508 --- [SpringBootWithDataJPA] [main] j.LocalContainerEntityManagerFactoryBean : Initialized JPA EntityManagerFactory for persistence unit 'default'
2024-08-09T14:39:49.889+05:30  INFO 8508 --- [SpringBootWithDataJPA] [main] o.s.d.j.r.query.QueryEnhancerFactory     : Hibernate is in classpath; If applicable, HQL parser will be used.
2024-08-09T14:39:50.568+05:30  WARN 8508 --- [SpringBootWithDataJPA] [main] JpaBaseConfiguration$JpaWebConfiguration : spring.jpa.open-in-view is enabled by default. Therefore, database queries may be performed during view rendering. Explicitly configure spring.jpa.open-in-view to disable this warning
2024-08-09T14:39:51.356+05:30  INFO 8508 --- [SpringBootWithDataJPA] [main] o.s.b.w.embedded.tomcat.TomcatWebServer  : Tomcat started on port 8080 (http) with context path ''
2024-08-09T14:39:51.388+05:30  INFO 8508 --- [SpringBootWithDataJPA] [main] c.e.d.SpringBootWithDataJpaApplication   : Started SpringBootWithDataJpaApplication in 7.987 seconds (process running for 8.983)
2024-08-09T14:39:51.515+05:30  INFO 8508 --- [SpringBootWithDataJPA] [http-nio-8080-exec-1] o.a.c.c.C.[Tomcat].[localhost].[/]       : Initializing Spring DispatcherServlet 'dispatcherServlet'
2024-08-09T14:39:51.515+05:30  INFO 8508 --- [SpringBootWithDataJPA] [http-nio-8080-exec-1] o.s.web.servlet.DispatcherServlet        : Initializing Servlet 'dispatcherServlet'
2024-08-09T14:39:51.515+05:30  INFO 8508 --- [SpringBootWithDataJPA] [http-nio-8080-exec-1] o.s.web.servlet.DispatcherServlet        : Completed initialization in 0 ms
2024-08-09T16:47:22.336+05:30  INFO 11856 --- [SpringBootWithDataJPA] [main] c.e.d.SpringBootWithDataJpaApplication   : Starting SpringBootWithDataJpaApplication using Java 17.0.9 with PID 11856 (D:\Spring core\SpringBootWithDataJPA\target\classes started by user in D:\Spring core\SpringBootWithDataJPA)
2024-08-09T16:47:22.339+05:30  INFO 11856 --- [SpringBootWithDataJPA] [main] c.e.d.SpringBootWithDataJpaApplication   : No active profile set, falling back to 1 default profile: "default"
2024-08-09T16:47:23.291+05:30  INFO 11856 --- [SpringBootWithDataJPA] [main] .s.d.r.c.RepositoryConfigurationDelegate : Bootstrapping Spring Data JPA repositories in DEFAULT mode.
2024-08-09T16:47:23.351+05:30  INFO 11856 --- [SpringBootWithDataJPA] [main] .s.d.r.c.RepositoryConfigurationDelegate : Finished Spring Data repository scanning in 48 ms. Found 1 JPA repository interface.
2024-08-09T16:47:24.051+05:30  INFO 11856 --- [SpringBootWithDataJPA] [main] o.s.b.w.embedded.tomcat.TomcatWebServer  : Tomcat initialized with port 8080 (http)
2024-08-09T16:47:24.066+05:30  INFO 11856 --- [SpringBootWithDataJPA] [main] o.apache.catalina.core.StandardService   : Starting service [Tomcat]
2024-08-09T16:47:24.067+05:30  INFO 11856 --- [SpringBootWithDataJPA] [main] o.apache.catalina.core.StandardEngine    : Starting Servlet engine: [Apache Tomcat/10.1.20]
2024-08-09T16:47:24.150+05:30  INFO 11856 --- [SpringBootWithDataJPA] [main] o.a.c.c.C.[Tomcat].[localhost].[/]       : Initializing Spring embedded WebApplicationContext
2024-08-09T16:47:24.151+05:30  INFO 11856 --- [SpringBootWithDataJPA] [main] w.s.c.ServletWebServerApplicationContext : Root WebApplicationContext: initialization completed in 1747 ms
2024-08-09T16:47:24.374+05:30  INFO 11856 --- [SpringBootWithDataJPA] [main] o.hibernate.jpa.internal.util.LogHelper  : HHH000204: Processing PersistenceUnitInfo [name: default]
2024-08-09T16:47:24.470+05:30  INFO 11856 --- [SpringBootWithDataJPA] [main] org.hibernate.Version                    : HHH000412: Hibernate ORM core version 6.4.4.Final
2024-08-09T16:47:24.521+05:30  INFO 11856 --- [SpringBootWithDataJPA] [main] o.h.c.internal.RegionFactoryInitiator    : HHH000026: Second-level cache disabled
2024-08-09T16:47:24.928+05:30  INFO 11856 --- [SpringBootWithDataJPA] [main] o.s.o.j.p.SpringPersistenceUnitInfo      : No LoadTimeWeaver setup: ignoring JPA class transformer
2024-08-09T16:47:24.963+05:30  INFO 11856 --- [SpringBootWithDataJPA] [main] com.zaxxer.hikari.HikariDataSource       : HikariPool-1 - Starting...
2024-08-09T16:47:25.381+05:30  INFO 11856 --- [SpringBootWithDataJPA] [main] com.zaxxer.hikari.pool.HikariPool        : HikariPool-1 - Added connection com.mysql.cj.jdbc.ConnectionImpl@cf10c92
2024-08-09T16:47:25.383+05:30  INFO 11856 --- [SpringBootWithDataJPA] [main] com.zaxxer.hikari.HikariDataSource       : HikariPool-1 - Start completed.
2024-08-09T16:47:25.488+05:30  WARN 11856 --- [SpringBootWithDataJPA] [main] org.hibernate.orm.deprecation            : HHH90000025: MySQL8Dialect does not need to be specified explicitly using 'hibernate.dialect' (remove the property setting and it will be selected by default)
2024-08-09T16:47:25.489+05:30  WARN 11856 --- [SpringBootWithDataJPA] [main] org.hibernate.orm.deprecation            : HHH90000026: MySQL8Dialect has been deprecated; use org.hibernate.dialect.MySQLDialect instead
2024-08-09T16:47:26.644+05:30  INFO 11856 --- [SpringBootWithDataJPA] [main] o.h.e.t.j.p.i.JtaPlatformInitiator       : HHH000489: No JTA platform available (set 'hibernate.transaction.jta.platform' to enable JTA platform integration)
2024-08-09T16:47:26.744+05:30  INFO 11856 --- [SpringBootWithDataJPA] [main] j.LocalContainerEntityManagerFactoryBean : Initialized JPA EntityManagerFactory for persistence unit 'default'
2024-08-09T16:47:27.084+05:30  INFO 11856 --- [SpringBootWithDataJPA] [main] o.s.d.j.r.query.QueryEnhancerFactory     : Hibernate is in classpath; If applicable, HQL parser will be used.
2024-08-09T16:47:27.511+05:30  WARN 11856 --- [SpringBootWithDataJPA] [main] JpaBaseConfiguration$JpaWebConfiguration : spring.jpa.open-in-view is enabled by default. Therefore, database queries may be performed during view rendering. Explicitly configure spring.jpa.open-in-view to disable this warning
2024-08-09T16:47:27.927+05:30  WARN 11856 --- [SpringBootWithDataJPA] [main] ConfigServletWebServerApplicationContext : Exception encountered during context initialization - cancelling refresh attempt: org.springframework.context.ApplicationContextException: Failed to start bean 'webServerStartStop'
2024-08-09T16:47:27.929+05:30  INFO 11856 --- [SpringBootWithDataJPA] [main] j.LocalContainerEntityManagerFactoryBean : Closing JPA EntityManagerFactory for persistence unit 'default'
2024-08-09T16:47:27.931+05:30  INFO 11856 --- [SpringBootWithDataJPA] [main] com.zaxxer.hikari.HikariDataSource       : HikariPool-1 - Shutdown initiated...
2024-08-09T16:47:27.944+05:30  INFO 11856 --- [SpringBootWithDataJPA] [main] com.zaxxer.hikari.HikariDataSource       : HikariPool-1 - Shutdown completed.
2024-08-09T16:47:27.959+05:30  INFO 11856 --- [SpringBootWithDataJPA] [main] .s.b.a.l.ConditionEvaluationReportLogger : 

Error starting ApplicationContext. To display the condition evaluation report re-run your application with 'debug' enabled.
2024-08-09T16:47:27.980+05:30 ERROR 11856 --- [SpringBootWithDataJPA] [main] o.s.b.d.LoggingFailureAnalysisReporter   : 

***************************
APPLICATION FAILED TO START
***************************

Description:

Web server failed to start. Port 8080 was already in use.

Action:

Identify and stop the process that's listening on port 8080 or configure this application to listen on another port.

2024-08-09T16:48:37.079+05:30  INFO 10672 --- [SpringBootWithDataJPA] [main] c.e.d.SpringBootWithDataJpaApplication   : Starting SpringBootWithDataJpaApplication using Java 17.0.9 with PID 10672 (D:\Spring core\SpringBootWithDataJPA\target\classes started by user in D:\Spring core\SpringBootWithDataJPA)
2024-08-09T16:48:37.084+05:30  INFO 10672 --- [SpringBootWithDataJPA] [main] c.e.d.SpringBootWithDataJpaApplication   : No active profile set, falling back to 1 default profile: "default"
2024-08-09T16:48:37.643+05:30  INFO 10672 --- [SpringBootWithDataJPA] [main] .s.d.r.c.RepositoryConfigurationDelegate : Bootstrapping Spring Data JPA repositories in DEFAULT mode.
2024-08-09T16:48:37.693+05:30  INFO 10672 --- [SpringBootWithDataJPA] [main] .s.d.r.c.RepositoryConfigurationDelegate : Finished Spring Data repository scanning in 42 ms. Found 1 JPA repository interface.
2024-08-09T16:48:38.247+05:30  INFO 10672 --- [SpringBootWithDataJPA] [main] o.s.b.w.embedded.tomcat.TomcatWebServer  : Tomcat initialized with port 8080 (http)
2024-08-09T16:48:38.265+05:30  INFO 10672 --- [SpringBootWithDataJPA] [main] o.apache.catalina.core.StandardService   : Starting service [Tomcat]
2024-08-09T16:48:38.265+05:30  INFO 10672 --- [SpringBootWithDataJPA] [main] o.apache.catalina.core.StandardEngine    : Starting Servlet engine: [Apache Tomcat/10.1.20]
2024-08-09T16:48:38.319+05:30  INFO 10672 --- [SpringBootWithDataJPA] [main] o.a.c.c.C.[Tomcat].[localhost].[/]       : Initializing Spring embedded WebApplicationContext
2024-08-09T16:48:38.320+05:30  INFO 10672 --- [SpringBootWithDataJPA] [main] w.s.c.ServletWebServerApplicationContext : Root WebApplicationContext: initialization completed in 1190 ms
2024-08-09T16:48:38.460+05:30  INFO 10672 --- [SpringBootWithDataJPA] [main] o.hibernate.jpa.internal.util.LogHelper  : HHH000204: Processing PersistenceUnitInfo [name: default]
2024-08-09T16:48:38.509+05:30  INFO 10672 --- [SpringBootWithDataJPA] [main] org.hibernate.Version                    : HHH000412: Hibernate ORM core version 6.4.4.Final
2024-08-09T16:48:38.542+05:30  INFO 10672 --- [SpringBootWithDataJPA] [main] o.h.c.internal.RegionFactoryInitiator    : HHH000026: Second-level cache disabled
2024-08-09T16:48:38.802+05:30  INFO 10672 --- [SpringBootWithDataJPA] [main] o.s.o.j.p.SpringPersistenceUnitInfo      : No LoadTimeWeaver setup: ignoring JPA class transformer
2024-08-09T16:48:38.826+05:30  INFO 10672 --- [SpringBootWithDataJPA] [main] com.zaxxer.hikari.HikariDataSource       : HikariPool-1 - Starting...
2024-08-09T16:48:39.228+05:30  INFO 10672 --- [SpringBootWithDataJPA] [main] com.zaxxer.hikari.pool.HikariPool        : HikariPool-1 - Added connection com.mysql.cj.jdbc.ConnectionImpl@1008df1e
2024-08-09T16:48:39.230+05:30  INFO 10672 --- [SpringBootWithDataJPA] [main] com.zaxxer.hikari.HikariDataSource       : HikariPool-1 - Start completed.
2024-08-09T16:48:39.285+05:30  WARN 10672 --- [SpringBootWithDataJPA] [main] org.hibernate.orm.deprecation            : HHH90000025: MySQL8Dialect does not need to be specified explicitly using 'hibernate.dialect' (remove the property setting and it will be selected by default)
2024-08-09T16:48:39.286+05:30  WARN 10672 --- [SpringBootWithDataJPA] [main] org.hibernate.orm.deprecation            : HHH90000026: MySQL8Dialect has been deprecated; use org.hibernate.dialect.MySQLDialect instead
2024-08-09T16:48:40.209+05:30  INFO 10672 --- [SpringBootWithDataJPA] [main] o.h.e.t.j.p.i.JtaPlatformInitiator       : HHH000489: No JTA platform available (set 'hibernate.transaction.jta.platform' to enable JTA platform integration)
2024-08-09T16:48:40.278+05:30  INFO 10672 --- [SpringBootWithDataJPA] [main] j.LocalContainerEntityManagerFactoryBean : Initialized JPA EntityManagerFactory for persistence unit 'default'
2024-08-09T16:48:40.623+05:30  INFO 10672 --- [SpringBootWithDataJPA] [main] o.s.d.j.r.query.QueryEnhancerFactory     : Hibernate is in classpath; If applicable, HQL parser will be used.
2024-08-09T16:48:40.972+05:30  WARN 10672 --- [SpringBootWithDataJPA] [main] JpaBaseConfiguration$JpaWebConfiguration : spring.jpa.open-in-view is enabled by default. Therefore, database queries may be performed during view rendering. Explicitly configure spring.jpa.open-in-view to disable this warning
2024-08-09T16:48:41.304+05:30  WARN 10672 --- [SpringBootWithDataJPA] [main] ConfigServletWebServerApplicationContext : Exception encountered during context initialization - cancelling refresh attempt: org.springframework.context.ApplicationContextException: Failed to start bean 'webServerStartStop'
2024-08-09T16:48:41.307+05:30  INFO 10672 --- [SpringBootWithDataJPA] [main] j.LocalContainerEntityManagerFactoryBean : Closing JPA EntityManagerFactory for persistence unit 'default'
2024-08-09T16:48:41.309+05:30  INFO 10672 --- [SpringBootWithDataJPA] [main] com.zaxxer.hikari.HikariDataSource       : HikariPool-1 - Shutdown initiated...
2024-08-09T16:48:41.320+05:30  INFO 10672 --- [SpringBootWithDataJPA] [main] com.zaxxer.hikari.HikariDataSource       : HikariPool-1 - Shutdown completed.
2024-08-09T16:48:41.333+05:30  INFO 10672 --- [SpringBootWithDataJPA] [main] .s.b.a.l.ConditionEvaluationReportLogger : 

Error starting ApplicationContext. To display the condition evaluation report re-run your application with 'debug' enabled.
2024-08-09T16:48:41.356+05:30 ERROR 10672 --- [SpringBootWithDataJPA] [main] o.s.b.d.LoggingFailureAnalysisReporter   : 

***************************
APPLICATION FAILED TO START
***************************

Description:

Web server failed to start. Port 8080 was already in use.

Action:

Identify and stop the process that's listening on port 8080 or configure this application to listen on another port.

2024-08-09T17:05:46.834+05:30  INFO 3200 --- [SpringBootWithDataJPA] [main] c.e.d.SpringBootWithDataJpaApplication   : Starting SpringBootWithDataJpaApplication using Java 17.0.9 with PID 3200 (D:\Spring core\SpringBootWithDataJPA\target\classes started by user in D:\Spring core\SpringBootWithDataJPA)
2024-08-09T17:05:46.836+05:30  INFO 3200 --- [SpringBootWithDataJPA] [main] c.e.d.SpringBootWithDataJpaApplication   : No active profile set, falling back to 1 default profile: "default"
2024-08-09T17:05:47.412+05:30  INFO 3200 --- [SpringBootWithDataJPA] [main] .s.d.r.c.RepositoryConfigurationDelegate : Bootstrapping Spring Data JPA repositories in DEFAULT mode.
2024-08-09T17:05:47.465+05:30  INFO 3200 --- [SpringBootWithDataJPA] [main] .s.d.r.c.RepositoryConfigurationDelegate : Finished Spring Data repository scanning in 44 ms. Found 1 JPA repository interface.
2024-08-09T17:05:48.005+05:30  INFO 3200 --- [SpringBootWithDataJPA] [main] o.s.b.w.embedded.tomcat.TomcatWebServer  : Tomcat initialized with port 8085 (http)
2024-08-09T17:05:48.028+05:30  INFO 3200 --- [SpringBootWithDataJPA] [main] o.apache.catalina.core.StandardService   : Starting service [Tomcat]
2024-08-09T17:05:48.028+05:30  INFO 3200 --- [SpringBootWithDataJPA] [main] o.apache.catalina.core.StandardEngine    : Starting Servlet engine: [Apache Tomcat/10.1.20]
2024-08-09T17:05:48.086+05:30  INFO 3200 --- [SpringBootWithDataJPA] [main] o.a.c.c.C.[Tomcat].[localhost].[/]       : Initializing Spring embedded WebApplicationContext
2024-08-09T17:05:48.086+05:30  INFO 3200 --- [SpringBootWithDataJPA] [main] w.s.c.ServletWebServerApplicationContext : Root WebApplicationContext: initialization completed in 1210 ms
2024-08-09T17:05:48.269+05:30  INFO 3200 --- [SpringBootWithDataJPA] [main] o.hibernate.jpa.internal.util.LogHelper  : HHH000204: Processing PersistenceUnitInfo [name: default]
2024-08-09T17:05:48.402+05:30  INFO 3200 --- [SpringBootWithDataJPA] [main] org.hibernate.Version                    : HHH000412: Hibernate ORM core version 6.4.4.Final
2024-08-09T17:05:48.459+05:30  INFO 3200 --- [SpringBootWithDataJPA] [main] o.h.c.internal.RegionFactoryInitiator    : HHH000026: Second-level cache disabled
2024-08-09T17:05:48.789+05:30  INFO 3200 --- [SpringBootWithDataJPA] [main] o.s.o.j.p.SpringPersistenceUnitInfo      : No LoadTimeWeaver setup: ignoring JPA class transformer
2024-08-09T17:05:48.824+05:30  INFO 3200 --- [SpringBootWithDataJPA] [main] com.zaxxer.hikari.HikariDataSource       : HikariPool-1 - Starting...
2024-08-09T17:05:49.155+05:30  INFO 3200 --- [SpringBootWithDataJPA] [main] com.zaxxer.hikari.pool.HikariPool        : HikariPool-1 - Added connection com.mysql.cj.jdbc.ConnectionImpl@13dc6649
2024-08-09T17:05:49.158+05:30  INFO 3200 --- [SpringBootWithDataJPA] [main] com.zaxxer.hikari.HikariDataSource       : HikariPool-1 - Start completed.
2024-08-09T17:05:49.215+05:30  WARN 3200 --- [SpringBootWithDataJPA] [main] org.hibernate.orm.deprecation            : HHH90000025: MySQL8Dialect does not need to be specified explicitly using 'hibernate.dialect' (remove the property setting and it will be selected by default)
2024-08-09T17:05:49.218+05:30  WARN 3200 --- [SpringBootWithDataJPA] [main] org.hibernate.orm.deprecation            : HHH90000026: MySQL8Dialect has been deprecated; use org.hibernate.dialect.MySQLDialect instead
2024-08-09T17:05:50.099+05:30  INFO 3200 --- [SpringBootWithDataJPA] [main] o.h.e.t.j.p.i.JtaPlatformInitiator       : HHH000489: No JTA platform available (set 'hibernate.transaction.jta.platform' to enable JTA platform integration)
2024-08-09T17:05:50.170+05:30  INFO 3200 --- [SpringBootWithDataJPA] [main] j.LocalContainerEntityManagerFactoryBean : Initialized JPA EntityManagerFactory for persistence unit 'default'
2024-08-09T17:05:50.584+05:30  INFO 3200 --- [SpringBootWithDataJPA] [main] o.s.d.j.r.query.QueryEnhancerFactory     : Hibernate is in classpath; If applicable, HQL parser will be used.
2024-08-09T17:05:51.002+05:30  WARN 3200 --- [SpringBootWithDataJPA] [main] JpaBaseConfiguration$JpaWebConfiguration : spring.jpa.open-in-view is enabled by default. Therefore, database queries may be performed during view rendering. Explicitly configure spring.jpa.open-in-view to disable this warning
2024-08-09T17:05:51.423+05:30  INFO 3200 --- [SpringBootWithDataJPA] [main] o.s.b.w.embedded.tomcat.TomcatWebServer  : Tomcat started on port 8085 (http) with context path ''
2024-08-09T17:05:51.434+05:30  INFO 3200 --- [SpringBootWithDataJPA] [main] c.e.d.SpringBootWithDataJpaApplication   : Started SpringBootWithDataJpaApplication in 4.991 seconds (process running for 5.74)
2024-08-09T17:12:47.752+05:30  INFO 3200 --- [SpringBootWithDataJPA] [http-nio-8085-exec-1] o.a.c.c.C.[Tomcat].[localhost].[/]       : Initializing Spring DispatcherServlet 'dispatcherServlet'
2024-08-09T17:12:47.752+05:30  INFO 3200 --- [SpringBootWithDataJPA] [http-nio-8085-exec-1] o.s.web.servlet.DispatcherServlet        : Initializing Servlet 'dispatcherServlet'
2024-08-09T17:12:47.767+05:30  INFO 3200 --- [SpringBootWithDataJPA] [http-nio-8085-exec-1] o.s.web.servlet.DispatcherServlet        : Completed initialization in 15 ms
2024-08-09T17:57:44.136+05:30  INFO 3200 --- [SpringBootWithDataJPA] [RMI TCP Connection(55)-127.0.0.1] inMXBeanRegistrar$SpringApplicationAdmin : Application shutdown requested.
2024-08-09T17:57:44.290+05:30  INFO 3200 --- [SpringBootWithDataJPA] [RMI TCP Connection(55)-127.0.0.1] j.LocalContainerEntityManagerFactoryBean : Closing JPA EntityManagerFactory for persistence unit 'default'
2024-08-09T17:57:44.327+05:30  INFO 3200 --- [SpringBootWithDataJPA] [RMI TCP Connection(55)-127.0.0.1] com.zaxxer.hikari.HikariDataSource       : HikariPool-1 - Shutdown initiated...
2024-08-09T17:57:44.352+05:30  INFO 3200 --- [SpringBootWithDataJPA] [RMI TCP Connection(55)-127.0.0.1] com.zaxxer.hikari.HikariDataSource       : HikariPool-1 - Shutdown completed.
2024-08-09T17:58:00.964+05:30  INFO 23904 --- [SpringBootWithDataJPA] [main] c.e.d.SpringBootWithDataJpaApplication   : Starting SpringBootWithDataJpaApplication using Java 17.0.9 with PID 23904 (D:\Spring core\SpringBootWithDataJPA\target\classes started by user in D:\Spring core\SpringBootWithDataJPA)
2024-08-09T17:58:00.966+05:30  INFO 23904 --- [SpringBootWithDataJPA] [main] c.e.d.SpringBootWithDataJpaApplication   : No active profile set, falling back to 1 default profile: "default"
2024-08-09T17:58:01.977+05:30  INFO 23904 --- [SpringBootWithDataJPA] [main] .s.d.r.c.RepositoryConfigurationDelegate : Bootstrapping Spring Data JPA repositories in DEFAULT mode.
2024-08-09T17:58:02.066+05:30  INFO 23904 --- [SpringBootWithDataJPA] [main] .s.d.r.c.RepositoryConfigurationDelegate : Finished Spring Data repository scanning in 68 ms. Found 1 JPA repository interface.
2024-08-09T17:58:02.743+05:30  INFO 23904 --- [SpringBootWithDataJPA] [main] o.s.b.w.embedded.tomcat.TomcatWebServer  : Tomcat initialized with port 8085 (http)
2024-08-09T17:58:02.762+05:30  INFO 23904 --- [SpringBootWithDataJPA] [main] o.apache.catalina.core.StandardService   : Starting service [Tomcat]
2024-08-09T17:58:02.762+05:30  INFO 23904 --- [SpringBootWithDataJPA] [main] o.apache.catalina.core.StandardEngine    : Starting Servlet engine: [Apache Tomcat/10.1.20]
2024-08-09T17:58:02.831+05:30  INFO 23904 --- [SpringBootWithDataJPA] [main] o.a.c.c.C.[Tomcat].[localhost].[/]       : Initializing Spring embedded WebApplicationContext
2024-08-09T17:58:02.832+05:30  INFO 23904 --- [SpringBootWithDataJPA] [main] w.s.c.ServletWebServerApplicationContext : Root WebApplicationContext: initialization completed in 1807 ms
2024-08-09T17:58:03.023+05:30  INFO 23904 --- [SpringBootWithDataJPA] [main] o.hibernate.jpa.internal.util.LogHelper  : HHH000204: Processing PersistenceUnitInfo [name: default]
2024-08-09T17:58:03.126+05:30  INFO 23904 --- [SpringBootWithDataJPA] [main] org.hibernate.Version                    : HHH000412: Hibernate ORM core version 6.4.4.Final
2024-08-09T17:58:03.179+05:30  INFO 23904 --- [SpringBootWithDataJPA] [main] o.h.c.internal.RegionFactoryInitiator    : HHH000026: Second-level cache disabled
2024-08-09T17:58:03.459+05:30  INFO 23904 --- [SpringBootWithDataJPA] [main] o.s.o.j.p.SpringPersistenceUnitInfo      : No LoadTimeWeaver setup: ignoring JPA class transformer
2024-08-09T17:58:03.501+05:30  INFO 23904 --- [SpringBootWithDataJPA] [main] com.zaxxer.hikari.HikariDataSource       : HikariPool-1 - Starting...
2024-08-09T17:58:03.975+05:30  INFO 23904 --- [SpringBootWithDataJPA] [main] com.zaxxer.hikari.pool.HikariPool        : HikariPool-1 - Added connection com.mysql.cj.jdbc.ConnectionImpl@191e654
2024-08-09T17:58:03.979+05:30  INFO 23904 --- [SpringBootWithDataJPA] [main] com.zaxxer.hikari.HikariDataSource       : HikariPool-1 - Start completed.
2024-08-09T17:58:04.073+05:30  WARN 23904 --- [SpringBootWithDataJPA] [main] org.hibernate.orm.deprecation            : HHH90000025: MySQL8Dialect does not need to be specified explicitly using 'hibernate.dialect' (remove the property setting and it will be selected by default)
2024-08-09T17:58:04.075+05:30  WARN 23904 --- [SpringBootWithDataJPA] [main] org.hibernate.orm.deprecation            : HHH90000026: MySQL8Dialect has been deprecated; use org.hibernate.dialect.MySQLDialect instead
2024-08-09T17:58:05.262+05:30  INFO 23904 --- [SpringBootWithDataJPA] [main] o.h.e.t.j.p.i.JtaPlatformInitiator       : HHH000489: No JTA platform available (set 'hibernate.transaction.jta.platform' to enable JTA platform integration)
2024-08-09T17:58:05.363+05:30  INFO 23904 --- [SpringBootWithDataJPA] [main] j.LocalContainerEntityManagerFactoryBean : Initialized JPA EntityManagerFactory for persistence unit 'default'
2024-08-09T17:58:05.683+05:30  INFO 23904 --- [SpringBootWithDataJPA] [main] o.s.d.j.r.query.QueryEnhancerFactory     : Hibernate is in classpath; If applicable, HQL parser will be used.
2024-08-09T17:58:06.132+05:30  WARN 23904 --- [SpringBootWithDataJPA] [main] JpaBaseConfiguration$JpaWebConfiguration : spring.jpa.open-in-view is enabled by default. Therefore, database queries may be performed during view rendering. Explicitly configure spring.jpa.open-in-view to disable this warning
2024-08-09T17:58:06.587+05:30  INFO 23904 --- [SpringBootWithDataJPA] [main] o.s.b.w.embedded.tomcat.TomcatWebServer  : Tomcat started on port 8085 (http) with context path ''
2024-08-09T17:58:06.600+05:30  INFO 23904 --- [SpringBootWithDataJPA] [main] c.e.d.SpringBootWithDataJpaApplication   : Started SpringBootWithDataJpaApplication in 6.145 seconds (process running for 7.012)
2024-08-09T17:58:23.768+05:30  INFO 23904 --- [SpringBootWithDataJPA] [http-nio-8085-exec-2] o.a.c.c.C.[Tomcat].[localhost].[/]       : Initializing Spring DispatcherServlet 'dispatcherServlet'
2024-08-09T17:58:23.768+05:30  INFO 23904 --- [SpringBootWithDataJPA] [http-nio-8085-exec-2] o.s.web.servlet.DispatcherServlet        : Initializing Servlet 'dispatcherServlet'
2024-08-09T17:58:23.770+05:30  INFO 23904 --- [SpringBootWithDataJPA] [http-nio-8085-exec-2] o.s.web.servlet.DispatcherServlet        : Completed initialization in 2 ms
2024-08-09T18:18:34.573+05:30  INFO 23904 --- [SpringBootWithDataJPA] [RMI TCP Connection(25)-127.0.0.1] inMXBeanRegistrar$SpringApplicationAdmin : Application shutdown requested.
2024-08-09T18:18:34.918+05:30  INFO 23904 --- [SpringBootWithDataJPA] [RMI TCP Connection(25)-127.0.0.1] j.LocalContainerEntityManagerFactoryBean : Closing JPA EntityManagerFactory for persistence unit 'default'
2024-08-09T18:18:34.964+05:30  INFO 23904 --- [SpringBootWithDataJPA] [RMI TCP Connection(25)-127.0.0.1] com.zaxxer.hikari.HikariDataSource       : HikariPool-1 - Shutdown initiated...
2024-08-09T18:18:35.022+05:30  INFO 23904 --- [SpringBootWithDataJPA] [RMI TCP Connection(25)-127.0.0.1] com.zaxxer.hikari.HikariDataSource       : HikariPool-1 - Shutdown completed.
2024-08-09T18:18:43.840+05:30  INFO 14976 --- [SpringBootWithDataJPA] [main] c.e.d.SpringBootWithDataJpaApplication   : Starting SpringBootWithDataJpaApplication using Java 17.0.9 with PID 14976 (D:\Spring core\SpringBootWithDataJPA\target\classes started by user in D:\Spring core\SpringBootWithDataJPA)
2024-08-09T18:18:43.843+05:30  INFO 14976 --- [SpringBootWithDataJPA] [main] c.e.d.SpringBootWithDataJpaApplication   : No active profile set, falling back to 1 default profile: "default"
2024-08-09T18:18:48.284+05:30  INFO 17208 --- [SpringBootWithDataJPA] [main] c.e.d.SpringBootWithDataJpaApplication   : Starting SpringBootWithDataJpaApplication using Java 17.0.9 with PID 17208 (D:\Spring core\SpringBootWithDataJPA\target\classes started by user in D:\Spring core\SpringBootWithDataJPA)
2024-08-09T18:18:48.287+05:30  INFO 17208 --- [SpringBootWithDataJPA] [main] c.e.d.SpringBootWithDataJpaApplication   : No active profile set, falling back to 1 default profile: "default"
2024-08-09T18:18:49.009+05:30  INFO 17208 --- [SpringBootWithDataJPA] [main] .s.d.r.c.RepositoryConfigurationDelegate : Bootstrapping Spring Data JPA repositories in DEFAULT mode.
2024-08-09T18:18:49.076+05:30  INFO 17208 --- [SpringBootWithDataJPA] [main] .s.d.r.c.RepositoryConfigurationDelegate : Finished Spring Data repository scanning in 57 ms. Found 1 JPA repository interface.
2024-08-09T18:18:49.709+05:30  INFO 17208 --- [SpringBootWithDataJPA] [main] o.s.b.w.embedded.tomcat.TomcatWebServer  : Tomcat initialized with port 8085 (http)
2024-08-09T18:18:49.732+05:30  INFO 17208 --- [SpringBootWithDataJPA] [main] o.apache.catalina.core.StandardService   : Starting service [Tomcat]
2024-08-09T18:18:49.733+05:30  INFO 17208 --- [SpringBootWithDataJPA] [main] o.apache.catalina.core.StandardEngine    : Starting Servlet engine: [Apache Tomcat/10.1.20]
2024-08-09T18:18:49.813+05:30  INFO 17208 --- [SpringBootWithDataJPA] [main] o.a.c.c.C.[Tomcat].[localhost].[/]       : Initializing Spring embedded WebApplicationContext
2024-08-09T18:18:49.814+05:30  INFO 17208 --- [SpringBootWithDataJPA] [main] w.s.c.ServletWebServerApplicationContext : Root WebApplicationContext: initialization completed in 1478 ms
2024-08-09T18:18:50.012+05:30  INFO 17208 --- [SpringBootWithDataJPA] [main] o.hibernate.jpa.internal.util.LogHelper  : HHH000204: Processing PersistenceUnitInfo [name: default]
2024-08-09T18:18:50.142+05:30  INFO 17208 --- [SpringBootWithDataJPA] [main] org.hibernate.Version                    : HHH000412: Hibernate ORM core version 6.4.4.Final
2024-08-09T18:18:50.190+05:30  INFO 17208 --- [SpringBootWithDataJPA] [main] o.h.c.internal.RegionFactoryInitiator    : HHH000026: Second-level cache disabled
2024-08-09T18:18:50.532+05:30  INFO 17208 --- [SpringBootWithDataJPA] [main] o.s.o.j.p.SpringPersistenceUnitInfo      : No LoadTimeWeaver setup: ignoring JPA class transformer
2024-08-09T18:18:50.574+05:30  INFO 17208 --- [SpringBootWithDataJPA] [main] com.zaxxer.hikari.HikariDataSource       : HikariPool-1 - Starting...
2024-08-09T18:18:51.088+05:30  INFO 17208 --- [SpringBootWithDataJPA] [main] com.zaxxer.hikari.pool.HikariPool        : HikariPool-1 - Added connection com.mysql.cj.jdbc.ConnectionImpl@70543cae
2024-08-09T18:18:51.092+05:30  INFO 17208 --- [SpringBootWithDataJPA] [main] com.zaxxer.hikari.HikariDataSource       : HikariPool-1 - Start completed.
2024-08-09T18:18:51.198+05:30  WARN 17208 --- [SpringBootWithDataJPA] [main] org.hibernate.orm.deprecation            : HHH90000025: MySQL8Dialect does not need to be specified explicitly using 'hibernate.dialect' (remove the property setting and it will be selected by default)
2024-08-09T18:18:51.200+05:30  WARN 17208 --- [SpringBootWithDataJPA] [main] org.hibernate.orm.deprecation            : HHH90000026: MySQL8Dialect has been deprecated; use org.hibernate.dialect.MySQLDialect instead
2024-08-09T18:18:52.335+05:30  INFO 17208 --- [SpringBootWithDataJPA] [main] o.h.e.t.j.p.i.JtaPlatformInitiator       : HHH000489: No JTA platform available (set 'hibernate.transaction.jta.platform' to enable JTA platform integration)
2024-08-09T18:18:52.413+05:30  INFO 17208 --- [SpringBootWithDataJPA] [main] j.LocalContainerEntityManagerFactoryBean : Initialized JPA EntityManagerFactory for persistence unit 'default'
2024-08-09T18:18:52.799+05:30  INFO 17208 --- [SpringBootWithDataJPA] [main] o.s.d.j.r.query.QueryEnhancerFactory     : Hibernate is in classpath; If applicable, HQL parser will be used.
2024-08-09T18:18:53.285+05:30  WARN 17208 --- [SpringBootWithDataJPA] [main] JpaBaseConfiguration$JpaWebConfiguration : spring.jpa.open-in-view is enabled by default. Therefore, database queries may be performed during view rendering. Explicitly configure spring.jpa.open-in-view to disable this warning
2024-08-09T18:18:53.732+05:30  INFO 17208 --- [SpringBootWithDataJPA] [main] o.s.b.w.embedded.tomcat.TomcatWebServer  : Tomcat started on port 8085 (http) with context path ''
2024-08-09T18:18:53.742+05:30  INFO 17208 --- [SpringBootWithDataJPA] [main] c.e.d.SpringBootWithDataJpaApplication   : Started SpringBootWithDataJpaApplication in 5.868 seconds (process running for 6.713)
2024-08-09T18:19:09.311+05:30  INFO 17208 --- [SpringBootWithDataJPA] [http-nio-8085-exec-1] o.a.c.c.C.[Tomcat].[localhost].[/]       : Initializing Spring DispatcherServlet 'dispatcherServlet'
2024-08-09T18:19:09.312+05:30  INFO 17208 --- [SpringBootWithDataJPA] [http-nio-8085-exec-1] o.s.web.servlet.DispatcherServlet        : Initializing Servlet 'dispatcherServlet'
2024-08-09T18:19:09.316+05:30  INFO 17208 --- [SpringBootWithDataJPA] [http-nio-8085-exec-1] o.s.web.servlet.DispatcherServlet        : Completed initialization in 3 ms
2024-08-09T18:40:20.039+05:30  INFO 17208 --- [SpringBootWithDataJPA] [RMI TCP Connection(26)-127.0.0.1] inMXBeanRegistrar$SpringApplicationAdmin : Application shutdown requested.
2024-08-09T18:40:20.067+05:30  INFO 17208 --- [SpringBootWithDataJPA] [RMI TCP Connection(26)-127.0.0.1] j.LocalContainerEntityManagerFactoryBean : Closing JPA EntityManagerFactory for persistence unit 'default'
2024-08-09T18:40:20.070+05:30  INFO 17208 --- [SpringBootWithDataJPA] [RMI TCP Connection(26)-127.0.0.1] com.zaxxer.hikari.HikariDataSource       : HikariPool-1 - Shutdown initiated...
2024-08-09T18:40:20.081+05:30  INFO 17208 --- [SpringBootWithDataJPA] [RMI TCP Connection(26)-127.0.0.1] com.zaxxer.hikari.HikariDataSource       : HikariPool-1 - Shutdown completed.
2024-08-09T18:40:27.595+05:30  INFO 12716 --- [SpringBootWithDataJPA] [main] c.e.d.SpringBootWithDataJpaApplication   : Starting SpringBootWithDataJpaApplication using Java 17.0.9 with PID 12716 (D:\Spring core\SpringBootWithDataJPA\target\classes started by user in D:\Spring core\SpringBootWithDataJPA)
2024-08-09T18:40:27.598+05:30  INFO 12716 --- [SpringBootWithDataJPA] [main] c.e.d.SpringBootWithDataJpaApplication   : No active profile set, falling back to 1 default profile: "default"
2024-08-09T18:40:28.388+05:30  INFO 12716 --- [SpringBootWithDataJPA] [main] .s.d.r.c.RepositoryConfigurationDelegate : Bootstrapping Spring Data JPA repositories in DEFAULT mode.
2024-08-09T18:40:28.461+05:30  INFO 12716 --- [SpringBootWithDataJPA] [main] .s.d.r.c.RepositoryConfigurationDelegate : Finished Spring Data repository scanning in 58 ms. Found 1 JPA repository interface.
2024-08-09T18:40:29.138+05:30  INFO 12716 --- [SpringBootWithDataJPA] [main] o.s.b.w.embedded.tomcat.TomcatWebServer  : Tomcat initialized with port 8080 (http)
2024-08-09T18:40:29.170+05:30  INFO 12716 --- [SpringBootWithDataJPA] [main] o.apache.catalina.core.StandardService   : Starting service [Tomcat]
2024-08-09T18:40:29.170+05:30  INFO 12716 --- [SpringBootWithDataJPA] [main] o.apache.catalina.core.StandardEngine    : Starting Servlet engine: [Apache Tomcat/10.1.20]
2024-08-09T18:40:29.249+05:30  INFO 12716 --- [SpringBootWithDataJPA] [main] o.a.c.c.C.[Tomcat].[localhost].[/]       : Initializing Spring embedded WebApplicationContext
2024-08-09T18:40:29.250+05:30  INFO 12716 --- [SpringBootWithDataJPA] [main] w.s.c.ServletWebServerApplicationContext : Root WebApplicationContext: initialization completed in 1605 ms
2024-08-09T18:40:29.445+05:30  INFO 12716 --- [SpringBootWithDataJPA] [main] o.hibernate.jpa.internal.util.LogHelper  : HHH000204: Processing PersistenceUnitInfo [name: default]
2024-08-09T18:40:29.542+05:30  INFO 12716 --- [SpringBootWithDataJPA] [main] org.hibernate.Version                    : HHH000412: Hibernate ORM core version 6.4.4.Final
2024-08-09T18:40:29.583+05:30  INFO 12716 --- [SpringBootWithDataJPA] [main] o.h.c.internal.RegionFactoryInitiator    : HHH000026: Second-level cache disabled
2024-08-09T18:40:29.877+05:30  INFO 12716 --- [SpringBootWithDataJPA] [main] o.s.o.j.p.SpringPersistenceUnitInfo      : No LoadTimeWeaver setup: ignoring JPA class transformer
2024-08-09T18:40:29.922+05:30  INFO 12716 --- [SpringBootWithDataJPA] [main] com.zaxxer.hikari.HikariDataSource       : HikariPool-1 - Starting...
2024-08-09T18:40:30.256+05:30  INFO 12716 --- [SpringBootWithDataJPA] [main] com.zaxxer.hikari.pool.HikariPool        : HikariPool-1 - Added connection com.mysql.cj.jdbc.ConnectionImpl@350567f1
2024-08-09T18:40:30.260+05:30  INFO 12716 --- [SpringBootWithDataJPA] [main] com.zaxxer.hikari.HikariDataSource       : HikariPool-1 - Start completed.
2024-08-09T18:40:30.321+05:30  WARN 12716 --- [SpringBootWithDataJPA] [main] org.hibernate.orm.deprecation            : HHH90000025: MySQL8Dialect does not need to be specified explicitly using 'hibernate.dialect' (remove the property setting and it will be selected by default)
2024-08-09T18:40:30.323+05:30  WARN 12716 --- [SpringBootWithDataJPA] [main] org.hibernate.orm.deprecation            : HHH90000026: MySQL8Dialect has been deprecated; use org.hibernate.dialect.MySQLDialect instead
2024-08-09T18:40:31.368+05:30  INFO 12716 --- [SpringBootWithDataJPA] [main] o.h.e.t.j.p.i.JtaPlatformInitiator       : HHH000489: No JTA platform available (set 'hibernate.transaction.jta.platform' to enable JTA platform integration)
2024-08-09T18:40:31.433+05:30  INFO 12716 --- [SpringBootWithDataJPA] [main] j.LocalContainerEntityManagerFactoryBean : Initialized JPA EntityManagerFactory for persistence unit 'default'
2024-08-09T18:40:31.847+05:30  INFO 12716 --- [SpringBootWithDataJPA] [main] o.s.d.j.r.query.QueryEnhancerFactory     : Hibernate is in classpath; If applicable, HQL parser will be used.
2024-08-09T18:40:32.267+05:30  WARN 12716 --- [SpringBootWithDataJPA] [main] JpaBaseConfiguration$JpaWebConfiguration : spring.jpa.open-in-view is enabled by default. Therefore, database queries may be performed during view rendering. Explicitly configure spring.jpa.open-in-view to disable this warning
2024-08-09T18:40:32.649+05:30  WARN 12716 --- [SpringBootWithDataJPA] [main] ConfigServletWebServerApplicationContext : Exception encountered during context initialization - cancelling refresh attempt: org.springframework.context.ApplicationContextException: Failed to start bean 'webServerStartStop'
2024-08-09T18:40:32.652+05:30  INFO 12716 --- [SpringBootWithDataJPA] [main] j.LocalContainerEntityManagerFactoryBean : Closing JPA EntityManagerFactory for persistence unit 'default'
2024-08-09T18:40:32.655+05:30  INFO 12716 --- [SpringBootWithDataJPA] [main] com.zaxxer.hikari.HikariDataSource       : HikariPool-1 - Shutdown initiated...
2024-08-09T18:40:32.666+05:30  INFO 12716 --- [SpringBootWithDataJPA] [main] com.zaxxer.hikari.HikariDataSource       : HikariPool-1 - Shutdown completed.
2024-08-09T18:40:32.682+05:30  INFO 12716 --- [SpringBootWithDataJPA] [main] .s.b.a.l.ConditionEvaluationReportLogger : 

Error starting ApplicationContext. To display the condition evaluation report re-run your application with 'debug' enabled.
2024-08-09T18:40:32.706+05:30 ERROR 12716 --- [SpringBootWithDataJPA] [main] o.s.b.d.LoggingFailureAnalysisReporter   : 

***************************
APPLICATION FAILED TO START
***************************

Description:

Web server failed to start. Port 8080 was already in use.

Action:

Identify and stop the process that's listening on port 8080 or configure this application to listen on another port.

2024-08-09T18:41:30.889+05:30  INFO 15316 --- [SpringBootWithDataJPA] [main] c.e.d.SpringBootWithDataJpaApplication   : Starting SpringBootWithDataJpaApplication using Java 17.0.9 with PID 15316 (D:\Spring core\SpringBootWithDataJPA\target\classes started by user in D:\Spring core\SpringBootWithDataJPA)
2024-08-09T18:41:30.893+05:30  INFO 15316 --- [SpringBootWithDataJPA] [main] c.e.d.SpringBootWithDataJpaApplication   : No active profile set, falling back to 1 default profile: "default"
2024-08-09T18:41:31.521+05:30  INFO 15316 --- [SpringBootWithDataJPA] [main] .s.d.r.c.RepositoryConfigurationDelegate : Bootstrapping Spring Data JPA repositories in DEFAULT mode.
2024-08-09T18:41:31.577+05:30  INFO 15316 --- [SpringBootWithDataJPA] [main] .s.d.r.c.RepositoryConfigurationDelegate : Finished Spring Data repository scanning in 46 ms. Found 1 JPA repository interface.
2024-08-09T18:41:32.132+05:30  INFO 15316 --- [SpringBootWithDataJPA] [main] o.s.b.w.embedded.tomcat.TomcatWebServer  : Tomcat initialized with port 9090 (http)
2024-08-09T18:41:32.158+05:30  INFO 15316 --- [SpringBootWithDataJPA] [main] o.apache.catalina.core.StandardService   : Starting service [Tomcat]
2024-08-09T18:41:32.158+05:30  INFO 15316 --- [SpringBootWithDataJPA] [main] o.apache.catalina.core.StandardEngine    : Starting Servlet engine: [Apache Tomcat/10.1.20]
2024-08-09T18:41:32.224+05:30  INFO 15316 --- [SpringBootWithDataJPA] [main] o.a.c.c.C.[Tomcat].[localhost].[/]       : Initializing Spring embedded WebApplicationContext
2024-08-09T18:41:32.224+05:30  INFO 15316 --- [SpringBootWithDataJPA] [main] w.s.c.ServletWebServerApplicationContext : Root WebApplicationContext: initialization completed in 1276 ms
2024-08-09T18:41:32.373+05:30  INFO 15316 --- [SpringBootWithDataJPA] [main] o.hibernate.jpa.internal.util.LogHelper  : HHH000204: Processing PersistenceUnitInfo [name: default]
2024-08-09T18:41:32.431+05:30  INFO 15316 --- [SpringBootWithDataJPA] [main] org.hibernate.Version                    : HHH000412: Hibernate ORM core version 6.4.4.Final
2024-08-09T18:41:32.480+05:30  INFO 15316 --- [SpringBootWithDataJPA] [main] o.h.c.internal.RegionFactoryInitiator    : HHH000026: Second-level cache disabled
2024-08-09T18:41:32.713+05:30  INFO 15316 --- [SpringBootWithDataJPA] [main] o.s.o.j.p.SpringPersistenceUnitInfo      : No LoadTimeWeaver setup: ignoring JPA class transformer
2024-08-09T18:41:32.739+05:30  INFO 15316 --- [SpringBootWithDataJPA] [main] com.zaxxer.hikari.HikariDataSource       : HikariPool-1 - Starting...
2024-08-09T18:41:33.208+05:30  INFO 15316 --- [SpringBootWithDataJPA] [main] com.zaxxer.hikari.pool.HikariPool        : HikariPool-1 - Added connection com.mysql.cj.jdbc.ConnectionImpl@2d5ae78e
2024-08-09T18:41:33.212+05:30  INFO 15316 --- [SpringBootWithDataJPA] [main] com.zaxxer.hikari.HikariDataSource       : HikariPool-1 - Start completed.
2024-08-09T18:41:33.265+05:30  WARN 15316 --- [SpringBootWithDataJPA] [main] org.hibernate.orm.deprecation            : HHH90000025: MySQL8Dialect does not need to be specified explicitly using 'hibernate.dialect' (remove the property setting and it will be selected by default)
2024-08-09T18:41:33.267+05:30  WARN 15316 --- [SpringBootWithDataJPA] [main] org.hibernate.orm.deprecation            : HHH90000026: MySQL8Dialect has been deprecated; use org.hibernate.dialect.MySQLDialect instead
2024-08-09T18:41:34.290+05:30  INFO 15316 --- [SpringBootWithDataJPA] [main] o.h.e.t.j.p.i.JtaPlatformInitiator       : HHH000489: No JTA platform available (set 'hibernate.transaction.jta.platform' to enable JTA platform integration)
2024-08-09T18:41:34.353+05:30  INFO 15316 --- [SpringBootWithDataJPA] [main] j.LocalContainerEntityManagerFactoryBean : Initialized JPA EntityManagerFactory for persistence unit 'default'
2024-08-09T18:41:34.692+05:30  INFO 15316 --- [SpringBootWithDataJPA] [main] o.s.d.j.r.query.QueryEnhancerFactory     : Hibernate is in classpath; If applicable, HQL parser will be used.
2024-08-09T18:41:35.073+05:30  WARN 15316 --- [SpringBootWithDataJPA] [main] JpaBaseConfiguration$JpaWebConfiguration : spring.jpa.open-in-view is enabled by default. Therefore, database queries may be performed during view rendering. Explicitly configure spring.jpa.open-in-view to disable this warning
2024-08-09T18:41:35.455+05:30  INFO 15316 --- [SpringBootWithDataJPA] [main] o.s.b.w.embedded.tomcat.TomcatWebServer  : Tomcat started on port 9090 (http) with context path ''
2024-08-09T18:41:35.469+05:30  INFO 15316 --- [SpringBootWithDataJPA] [main] c.e.d.SpringBootWithDataJpaApplication   : Started SpringBootWithDataJpaApplication in 5.018 seconds (process running for 5.797)
2024-08-09T19:02:36.918+05:30  INFO 15316 --- [SpringBootWithDataJPA] [RMI TCP Connection(23)-127.0.0.1] inMXBeanRegistrar$SpringApplicationAdmin : Application shutdown requested.
2024-08-09T19:02:36.949+05:30  INFO 15316 --- [SpringBootWithDataJPA] [RMI TCP Connection(23)-127.0.0.1] j.LocalContainerEntityManagerFactoryBean : Closing JPA EntityManagerFactory for persistence unit 'default'
2024-08-09T19:02:36.954+05:30  INFO 15316 --- [SpringBootWithDataJPA] [RMI TCP Connection(23)-127.0.0.1] com.zaxxer.hikari.HikariDataSource       : HikariPool-1 - Shutdown initiated...
2024-08-09T19:02:36.973+05:30  INFO 15316 --- [SpringBootWithDataJPA] [RMI TCP Connection(23)-127.0.0.1] com.zaxxer.hikari.HikariDataSource       : HikariPool-1 - Shutdown completed.
2024-08-09T19:02:42.608+05:30  INFO 6408 --- [SpringBootWithDataJPA] [main] c.e.d.SpringBootWithDataJpaApplication   : Starting SpringBootWithDataJpaApplication using Java 17.0.9 with PID 6408 (D:\Spring core\SpringBootWithDataJPA\target\classes started by user in D:\Spring core\SpringBootWithDataJPA)
2024-08-09T19:02:42.610+05:30  INFO 6408 --- [SpringBootWithDataJPA] [main] c.e.d.SpringBootWithDataJpaApplication   : No active profile set, falling back to 1 default profile: "default"
2024-08-09T19:02:43.219+05:30  INFO 6408 --- [SpringBootWithDataJPA] [main] .s.d.r.c.RepositoryConfigurationDelegate : Bootstrapping Spring Data JPA repositories in DEFAULT mode.
2024-08-09T19:02:43.272+05:30  INFO 6408 --- [SpringBootWithDataJPA] [main] .s.d.r.c.RepositoryConfigurationDelegate : Finished Spring Data repository scanning in 45 ms. Found 1 JPA repository interface.
2024-08-09T19:02:43.776+05:30  INFO 6408 --- [SpringBootWithDataJPA] [main] o.s.b.w.embedded.tomcat.TomcatWebServer  : Tomcat initialized with port 9090 (http)
2024-08-09T19:02:43.796+05:30  INFO 6408 --- [SpringBootWithDataJPA] [main] o.apache.catalina.core.StandardService   : Starting service [Tomcat]
2024-08-09T19:02:43.796+05:30  INFO 6408 --- [SpringBootWithDataJPA] [main] o.apache.catalina.core.StandardEngine    : Starting Servlet engine: [Apache Tomcat/10.1.20]
2024-08-09T19:02:43.854+05:30  INFO 6408 --- [SpringBootWithDataJPA] [main] o.a.c.c.C.[Tomcat].[localhost].[/]       : Initializing Spring embedded WebApplicationContext
2024-08-09T19:02:43.854+05:30  INFO 6408 --- [SpringBootWithDataJPA] [main] w.s.c.ServletWebServerApplicationContext : Root WebApplicationContext: initialization completed in 1186 ms
2024-08-09T19:02:44.007+05:30  INFO 6408 --- [SpringBootWithDataJPA] [main] o.hibernate.jpa.internal.util.LogHelper  : HHH000204: Processing PersistenceUnitInfo [name: default]
2024-08-09T19:02:44.062+05:30  INFO 6408 --- [SpringBootWithDataJPA] [main] org.hibernate.Version                    : HHH000412: Hibernate ORM core version 6.4.4.Final
2024-08-09T19:02:44.096+05:30  INFO 6408 --- [SpringBootWithDataJPA] [main] o.h.c.internal.RegionFactoryInitiator    : HHH000026: Second-level cache disabled
2024-08-09T19:02:44.322+05:30  INFO 6408 --- [SpringBootWithDataJPA] [main] o.s.o.j.p.SpringPersistenceUnitInfo      : No LoadTimeWeaver setup: ignoring JPA class transformer
2024-08-09T19:02:44.346+05:30  INFO 6408 --- [SpringBootWithDataJPA] [main] com.zaxxer.hikari.HikariDataSource       : HikariPool-1 - Starting...
2024-08-09T19:02:44.697+05:30  INFO 6408 --- [SpringBootWithDataJPA] [main] com.zaxxer.hikari.pool.HikariPool        : HikariPool-1 - Added connection com.mysql.cj.jdbc.ConnectionImpl@21f91efa
2024-08-09T19:02:44.700+05:30  INFO 6408 --- [SpringBootWithDataJPA] [main] com.zaxxer.hikari.HikariDataSource       : HikariPool-1 - Start completed.
2024-08-09T19:02:44.754+05:30  WARN 6408 --- [SpringBootWithDataJPA] [main] org.hibernate.orm.deprecation            : HHH90000025: MySQL8Dialect does not need to be specified explicitly using 'hibernate.dialect' (remove the property setting and it will be selected by default)
2024-08-09T19:02:44.756+05:30  WARN 6408 --- [SpringBootWithDataJPA] [main] org.hibernate.orm.deprecation            : HHH90000026: MySQL8Dialect has been deprecated; use org.hibernate.dialect.MySQLDialect instead
2024-08-09T19:02:45.692+05:30  INFO 6408 --- [SpringBootWithDataJPA] [main] o.h.e.t.j.p.i.JtaPlatformInitiator       : HHH000489: No JTA platform available (set 'hibernate.transaction.jta.platform' to enable JTA platform integration)
2024-08-09T19:02:45.778+05:30  INFO 6408 --- [SpringBootWithDataJPA] [main] j.LocalContainerEntityManagerFactoryBean : Initialized JPA EntityManagerFactory for persistence unit 'default'
2024-08-09T19:02:46.066+05:30  INFO 6408 --- [SpringBootWithDataJPA] [main] o.s.d.j.r.query.QueryEnhancerFactory     : Hibernate is in classpath; If applicable, HQL parser will be used.
2024-08-09T19:02:46.438+05:30  WARN 6408 --- [SpringBootWithDataJPA] [main] JpaBaseConfiguration$JpaWebConfiguration : spring.jpa.open-in-view is enabled by default. Therefore, database queries may be performed during view rendering. Explicitly configure spring.jpa.open-in-view to disable this warning
2024-08-09T19:02:46.825+05:30  INFO 6408 --- [SpringBootWithDataJPA] [main] o.s.b.w.embedded.tomcat.TomcatWebServer  : Tomcat started on port 9090 (http) with context path ''
2024-08-09T19:02:46.836+05:30  INFO 6408 --- [SpringBootWithDataJPA] [main] c.e.d.SpringBootWithDataJpaApplication   : Started SpringBootWithDataJpaApplication in 4.727 seconds (process running for 5.527)
2024-08-09T19:03:13.189+05:30  INFO 6408 --- [SpringBootWithDataJPA] [http-nio-9090-exec-1] o.a.c.c.C.[Tomcat].[localhost].[/]       : Initializing Spring DispatcherServlet 'dispatcherServlet'
2024-08-09T19:03:13.190+05:30  INFO 6408 --- [SpringBootWithDataJPA] [http-nio-9090-exec-1] o.s.web.servlet.DispatcherServlet        : Initializing Servlet 'dispatcherServlet'
2024-08-09T19:03:13.193+05:30  INFO 6408 --- [SpringBootWithDataJPA] [http-nio-9090-exec-1] o.s.web.servlet.DispatcherServlet        : Completed initialization in 3 ms
2024-08-09T19:10:08.884+05:30  INFO 6408 --- [SpringBootWithDataJPA] [RMI TCP Connection(11)-127.0.0.1] inMXBeanRegistrar$SpringApplicationAdmin : Application shutdown requested.
2024-08-09T19:10:08.903+05:30  INFO 6408 --- [SpringBootWithDataJPA] [RMI TCP Connection(11)-127.0.0.1] j.LocalContainerEntityManagerFactoryBean : Closing JPA EntityManagerFactory for persistence unit 'default'
2024-08-09T19:10:08.907+05:30  INFO 6408 --- [SpringBootWithDataJPA] [RMI TCP Connection(11)-127.0.0.1] com.zaxxer.hikari.HikariDataSource       : HikariPool-1 - Shutdown initiated...
2024-08-09T19:10:08.925+05:30  INFO 6408 --- [SpringBootWithDataJPA] [RMI TCP Connection(11)-127.0.0.1] com.zaxxer.hikari.HikariDataSource       : HikariPool-1 - Shutdown completed.
2024-08-09T19:11:05.404+05:30  INFO 24876 --- [SpringBootWithDataJPA] [main] c.e.d.SpringBootWithDataJpaApplication   : Starting SpringBootWithDataJpaApplication using Java 17.0.9 with PID 24876 (D:\Spring core\SpringBootWithDataJPA\target\classes started by user in D:\Spring core\SpringBootWithDataJPA)
2024-08-09T19:11:05.407+05:30  INFO 24876 --- [SpringBootWithDataJPA] [main] c.e.d.SpringBootWithDataJpaApplication   : No active profile set, falling back to 1 default profile: "default"
2024-08-09T19:11:06.256+05:30  INFO 24876 --- [SpringBootWithDataJPA] [main] .s.d.r.c.RepositoryConfigurationDelegate : Bootstrapping Spring Data JPA repositories in DEFAULT mode.
2024-08-09T19:11:06.321+05:30  INFO 24876 --- [SpringBootWithDataJPA] [main] .s.d.r.c.RepositoryConfigurationDelegate : Finished Spring Data repository scanning in 55 ms. Found 1 JPA repository interface.
2024-08-09T19:11:06.895+05:30  INFO 24876 --- [SpringBootWithDataJPA] [main] o.s.b.w.embedded.tomcat.TomcatWebServer  : Tomcat initialized with port 9090 (http)
2024-08-09T19:11:06.910+05:30  INFO 24876 --- [SpringBootWithDataJPA] [main] o.apache.catalina.core.StandardService   : Starting service [Tomcat]
2024-08-09T19:11:06.911+05:30  INFO 24876 --- [SpringBootWithDataJPA] [main] o.apache.catalina.core.StandardEngine    : Starting Servlet engine: [Apache Tomcat/10.1.20]
2024-08-09T19:11:07.010+05:30  INFO 24876 --- [SpringBootWithDataJPA] [main] o.a.c.c.C.[Tomcat].[localhost].[/]       : Initializing Spring embedded WebApplicationContext
2024-08-09T19:11:07.011+05:30  INFO 24876 --- [SpringBootWithDataJPA] [main] w.s.c.ServletWebServerApplicationContext : Root WebApplicationContext: initialization completed in 1544 ms
2024-08-09T19:11:07.197+05:30  INFO 24876 --- [SpringBootWithDataJPA] [main] o.hibernate.jpa.internal.util.LogHelper  : HHH000204: Processing PersistenceUnitInfo [name: default]
2024-08-09T19:11:07.286+05:30  INFO 24876 --- [SpringBootWithDataJPA] [main] org.hibernate.Version                    : HHH000412: Hibernate ORM core version 6.4.4.Final
2024-08-09T19:11:07.333+05:30  INFO 24876 --- [SpringBootWithDataJPA] [main] o.h.c.internal.RegionFactoryInitiator    : HHH000026: Second-level cache disabled
2024-08-09T19:11:07.623+05:30  INFO 24876 --- [SpringBootWithDataJPA] [main] o.s.o.j.p.SpringPersistenceUnitInfo      : No LoadTimeWeaver setup: ignoring JPA class transformer
2024-08-09T19:11:07.656+05:30  INFO 24876 --- [SpringBootWithDataJPA] [main] com.zaxxer.hikari.HikariDataSource       : HikariPool-1 - Starting...
2024-08-09T19:11:08.129+05:30  INFO 24876 --- [SpringBootWithDataJPA] [main] com.zaxxer.hikari.pool.HikariPool        : HikariPool-1 - Added connection com.mysql.cj.jdbc.ConnectionImpl@67f591c2
2024-08-09T19:11:08.133+05:30  INFO 24876 --- [SpringBootWithDataJPA] [main] com.zaxxer.hikari.HikariDataSource       : HikariPool-1 - Start completed.
2024-08-09T19:11:08.194+05:30  WARN 24876 --- [SpringBootWithDataJPA] [main] org.hibernate.orm.deprecation            : HHH90000025: MySQL8Dialect does not need to be specified explicitly using 'hibernate.dialect' (remove the property setting and it will be selected by default)
2024-08-09T19:11:08.195+05:30  WARN 24876 --- [SpringBootWithDataJPA] [main] org.hibernate.orm.deprecation            : HHH90000026: MySQL8Dialect has been deprecated; use org.hibernate.dialect.MySQLDialect instead
2024-08-09T19:11:09.251+05:30  INFO 24876 --- [SpringBootWithDataJPA] [main] o.h.e.t.j.p.i.JtaPlatformInitiator       : HHH000489: No JTA platform available (set 'hibernate.transaction.jta.platform' to enable JTA platform integration)
2024-08-09T19:11:09.320+05:30  INFO 24876 --- [SpringBootWithDataJPA] [main] j.LocalContainerEntityManagerFactoryBean : Initialized JPA EntityManagerFactory for persistence unit 'default'
2024-08-09T19:11:09.707+05:30  INFO 24876 --- [SpringBootWithDataJPA] [main] o.s.d.j.r.query.QueryEnhancerFactory     : Hibernate is in classpath; If applicable, HQL parser will be used.
2024-08-09T19:11:10.174+05:30  WARN 24876 --- [SpringBootWithDataJPA] [main] JpaBaseConfiguration$JpaWebConfiguration : spring.jpa.open-in-view is enabled by default. Therefore, database queries may be performed during view rendering. Explicitly configure spring.jpa.open-in-view to disable this warning
2024-08-09T19:11:10.607+05:30  INFO 24876 --- [SpringBootWithDataJPA] [main] o.s.b.w.embedded.tomcat.TomcatWebServer  : Tomcat started on port 9090 (http) with context path ''
2024-08-09T19:11:10.620+05:30  INFO 24876 --- [SpringBootWithDataJPA] [main] c.e.d.SpringBootWithDataJpaApplication   : Started SpringBootWithDataJpaApplication in 5.766 seconds (process running for 7.219)
2024-08-09T19:11:40.145+05:30  INFO 24876 --- [SpringBootWithDataJPA] [http-nio-9090-exec-3] o.a.c.c.C.[Tomcat].[localhost].[/]       : Initializing Spring DispatcherServlet 'dispatcherServlet'
2024-08-09T19:11:40.146+05:30  INFO 24876 --- [SpringBootWithDataJPA] [http-nio-9090-exec-3] o.s.web.servlet.DispatcherServlet        : Initializing Servlet 'dispatcherServlet'
2024-08-09T19:11:40.147+05:30  INFO 24876 --- [SpringBootWithDataJPA] [http-nio-9090-exec-3] o.s.web.servlet.DispatcherServlet        : Completed initialization in 1 ms
2024-08-09T19:19:31.370+05:30  INFO 10980 --- [SpringBootWithDataJPA] [main] c.e.d.SpringBootWithDataJpaApplication   : Starting SpringBootWithDataJpaApplication using Java 17.0.9 with PID 10980 (D:\Spring core\SpringBootWithDataJPA\target\classes started by user in D:\Spring core\SpringBootWithDataJPA)
2024-08-09T19:19:31.374+05:30  INFO 10980 --- [SpringBootWithDataJPA] [main] c.e.d.SpringBootWithDataJpaApplication   : No active profile set, falling back to 1 default profile: "default"
2024-08-09T19:19:32.197+05:30  INFO 10980 --- [SpringBootWithDataJPA] [main] .s.d.r.c.RepositoryConfigurationDelegate : Bootstrapping Spring Data JPA repositories in DEFAULT mode.
2024-08-09T19:19:32.261+05:30  INFO 10980 --- [SpringBootWithDataJPA] [main] .s.d.r.c.RepositoryConfigurationDelegate : Finished Spring Data repository scanning in 53 ms. Found 1 JPA repository interface.
2024-08-09T19:19:32.915+05:30  INFO 10980 --- [SpringBootWithDataJPA] [main] o.s.b.w.embedded.tomcat.TomcatWebServer  : Tomcat initialized with port 9090 (http)
2024-08-09T19:19:32.930+05:30  INFO 10980 --- [SpringBootWithDataJPA] [main] o.apache.catalina.core.StandardService   : Starting service [Tomcat]
2024-08-09T19:19:32.930+05:30  INFO 10980 --- [SpringBootWithDataJPA] [main] o.apache.catalina.core.StandardEngine    : Starting Servlet engine: [Apache Tomcat/10.1.20]
2024-08-09T19:19:33.006+05:30  INFO 10980 --- [SpringBootWithDataJPA] [main] o.a.c.c.C.[Tomcat].[localhost].[/]       : Initializing Spring embedded WebApplicationContext
2024-08-09T19:19:33.006+05:30  INFO 10980 --- [SpringBootWithDataJPA] [main] w.s.c.ServletWebServerApplicationContext : Root WebApplicationContext: initialization completed in 1558 ms
2024-08-09T19:19:33.196+05:30  INFO 10980 --- [SpringBootWithDataJPA] [main] o.hibernate.jpa.internal.util.LogHelper  : HHH000204: Processing PersistenceUnitInfo [name: default]
2024-08-09T19:19:33.292+05:30  INFO 10980 --- [SpringBootWithDataJPA] [main] org.hibernate.Version                    : HHH000412: Hibernate ORM core version 6.4.4.Final
2024-08-09T19:19:33.347+05:30  INFO 10980 --- [SpringBootWithDataJPA] [main] o.h.c.internal.RegionFactoryInitiator    : HHH000026: Second-level cache disabled
2024-08-09T19:19:33.612+05:30  INFO 10980 --- [SpringBootWithDataJPA] [main] o.s.o.j.p.SpringPersistenceUnitInfo      : No LoadTimeWeaver setup: ignoring JPA class transformer
2024-08-09T19:19:33.658+05:30  INFO 10980 --- [SpringBootWithDataJPA] [main] com.zaxxer.hikari.HikariDataSource       : HikariPool-1 - Starting...
2024-08-09T19:19:34.076+05:30  INFO 10980 --- [SpringBootWithDataJPA] [main] com.zaxxer.hikari.pool.HikariPool        : HikariPool-1 - Added connection com.mysql.cj.jdbc.ConnectionImpl@2335aef2
2024-08-09T19:19:34.079+05:30  INFO 10980 --- [SpringBootWithDataJPA] [main] com.zaxxer.hikari.HikariDataSource       : HikariPool-1 - Start completed.
2024-08-09T19:19:34.149+05:30  WARN 10980 --- [SpringBootWithDataJPA] [main] org.hibernate.orm.deprecation            : HHH90000025: MySQL8Dialect does not need to be specified explicitly using 'hibernate.dialect' (remove the property setting and it will be selected by default)
2024-08-09T19:19:34.150+05:30  WARN 10980 --- [SpringBootWithDataJPA] [main] org.hibernate.orm.deprecation            : HHH90000026: MySQL8Dialect has been deprecated; use org.hibernate.dialect.MySQLDialect instead
2024-08-09T19:19:35.322+05:30  INFO 10980 --- [SpringBootWithDataJPA] [main] o.h.e.t.j.p.i.JtaPlatformInitiator       : HHH000489: No JTA platform available (set 'hibernate.transaction.jta.platform' to enable JTA platform integration)
2024-08-09T19:19:35.424+05:30  INFO 10980 --- [SpringBootWithDataJPA] [main] j.LocalContainerEntityManagerFactoryBean : Initialized JPA EntityManagerFactory for persistence unit 'default'
2024-08-09T19:19:35.872+05:30  INFO 10980 --- [SpringBootWithDataJPA] [main] o.s.d.j.r.query.QueryEnhancerFactory     : Hibernate is in classpath; If applicable, HQL parser will be used.
2024-08-09T19:19:36.327+05:30  WARN 10980 --- [SpringBootWithDataJPA] [main] JpaBaseConfiguration$JpaWebConfiguration : spring.jpa.open-in-view is enabled by default. Therefore, database queries may be performed during view rendering. Explicitly configure spring.jpa.open-in-view to disable this warning
2024-08-09T19:19:36.821+05:30  INFO 10980 --- [SpringBootWithDataJPA] [main] o.s.b.w.embedded.tomcat.TomcatWebServer  : Tomcat started on port 9090 (http) with context path ''
2024-08-09T19:19:36.836+05:30  INFO 10980 --- [SpringBootWithDataJPA] [main] c.e.d.SpringBootWithDataJpaApplication   : Started SpringBootWithDataJpaApplication in 5.952 seconds (process running for 7.049)
2024-08-09T19:19:52.643+05:30  INFO 10980 --- [SpringBootWithDataJPA] [http-nio-9090-exec-2] o.a.c.c.C.[Tomcat].[localhost].[/]       : Initializing Spring DispatcherServlet 'dispatcherServlet'
2024-08-09T19:19:52.643+05:30  INFO 10980 --- [SpringBootWithDataJPA] [http-nio-9090-exec-2] o.s.web.servlet.DispatcherServlet        : Initializing Servlet 'dispatcherServlet'
2024-08-09T19:19:52.645+05:30  INFO 10980 --- [SpringBootWithDataJPA] [http-nio-9090-exec-2] o.s.web.servlet.DispatcherServlet        : Completed initialization in 2 ms
2024-08-09T19:21:05.339+05:30  INFO 14792 --- [SpringBootWithDataJPA] [main] c.e.d.SpringBootWithDataJpaApplication   : Starting SpringBootWithDataJpaApplication using Java 17.0.9 with PID 14792 (D:\Spring core\SpringBootWithDataJPA\target\classes started by user in D:\Spring core\SpringBootWithDataJPA)
2024-08-09T19:21:05.342+05:30  INFO 14792 --- [SpringBootWithDataJPA] [main] c.e.d.SpringBootWithDataJpaApplication   : No active profile set, falling back to 1 default profile: "default"
2024-08-09T19:21:06.178+05:30  INFO 14792 --- [SpringBootWithDataJPA] [main] .s.d.r.c.RepositoryConfigurationDelegate : Bootstrapping Spring Data JPA repositories in DEFAULT mode.
2024-08-09T19:21:06.246+05:30  INFO 14792 --- [SpringBootWithDataJPA] [main] .s.d.r.c.RepositoryConfigurationDelegate : Finished Spring Data repository scanning in 57 ms. Found 1 JPA repository interface.
2024-08-09T19:21:06.857+05:30  INFO 14792 --- [SpringBootWithDataJPA] [main] o.s.b.w.embedded.tomcat.TomcatWebServer  : Tomcat initialized with port 9090 (http)
2024-08-09T19:21:06.872+05:30  INFO 14792 --- [SpringBootWithDataJPA] [main] o.apache.catalina.core.StandardService   : Starting service [Tomcat]
2024-08-09T19:21:06.873+05:30  INFO 14792 --- [SpringBootWithDataJPA] [main] o.apache.catalina.core.StandardEngine    : Starting Servlet engine: [Apache Tomcat/10.1.20]
2024-08-09T19:21:06.948+05:30  INFO 14792 --- [SpringBootWithDataJPA] [main] o.a.c.c.C.[Tomcat].[localhost].[/]       : Initializing Spring embedded WebApplicationContext
2024-08-09T19:21:06.948+05:30  INFO 14792 --- [SpringBootWithDataJPA] [main] w.s.c.ServletWebServerApplicationContext : Root WebApplicationContext: initialization completed in 1528 ms
2024-08-09T19:21:07.142+05:30  INFO 14792 --- [SpringBootWithDataJPA] [main] o.hibernate.jpa.internal.util.LogHelper  : HHH000204: Processing PersistenceUnitInfo [name: default]
2024-08-09T19:21:07.207+05:30  INFO 14792 --- [SpringBootWithDataJPA] [main] org.hibernate.Version                    : HHH000412: Hibernate ORM core version 6.4.4.Final
2024-08-09T19:21:07.244+05:30  INFO 14792 --- [SpringBootWithDataJPA] [main] o.h.c.internal.RegionFactoryInitiator    : HHH000026: Second-level cache disabled
2024-08-09T19:21:07.481+05:30  INFO 14792 --- [SpringBootWithDataJPA] [main] o.s.o.j.p.SpringPersistenceUnitInfo      : No LoadTimeWeaver setup: ignoring JPA class transformer
2024-08-09T19:21:07.521+05:30  INFO 14792 --- [SpringBootWithDataJPA] [main] com.zaxxer.hikari.HikariDataSource       : HikariPool-1 - Starting...
2024-08-09T19:21:08.051+05:30  INFO 14792 --- [SpringBootWithDataJPA] [main] com.zaxxer.hikari.pool.HikariPool        : HikariPool-1 - Added connection com.mysql.cj.jdbc.ConnectionImpl@2f9addd4
2024-08-09T19:21:08.055+05:30  INFO 14792 --- [SpringBootWithDataJPA] [main] com.zaxxer.hikari.HikariDataSource       : HikariPool-1 - Start completed.
2024-08-09T19:21:08.131+05:30  WARN 14792 --- [SpringBootWithDataJPA] [main] org.hibernate.orm.deprecation            : HHH90000025: MySQL8Dialect does not need to be specified explicitly using 'hibernate.dialect' (remove the property setting and it will be selected by default)
2024-08-09T19:21:08.134+05:30  WARN 14792 --- [SpringBootWithDataJPA] [main] org.hibernate.orm.deprecation            : HHH90000026: MySQL8Dialect has been deprecated; use org.hibernate.dialect.MySQLDialect instead
2024-08-09T19:21:09.359+05:30  INFO 14792 --- [SpringBootWithDataJPA] [main] o.h.e.t.j.p.i.JtaPlatformInitiator       : HHH000489: No JTA platform available (set 'hibernate.transaction.jta.platform' to enable JTA platform integration)
2024-08-09T19:21:09.444+05:30  INFO 14792 --- [SpringBootWithDataJPA] [main] j.LocalContainerEntityManagerFactoryBean : Initialized JPA EntityManagerFactory for persistence unit 'default'
2024-08-09T19:21:09.920+05:30  INFO 14792 --- [SpringBootWithDataJPA] [main] o.s.d.j.r.query.QueryEnhancerFactory     : Hibernate is in classpath; If applicable, HQL parser will be used.
2024-08-09T19:21:10.409+05:30  WARN 14792 --- [SpringBootWithDataJPA] [main] JpaBaseConfiguration$JpaWebConfiguration : spring.jpa.open-in-view is enabled by default. Therefore, database queries may be performed during view rendering. Explicitly configure spring.jpa.open-in-view to disable this warning
2024-08-09T19:21:10.911+05:30  INFO 14792 --- [SpringBootWithDataJPA] [main] o.s.b.w.embedded.tomcat.TomcatWebServer  : Tomcat started on port 9090 (http) with context path ''
2024-08-09T19:21:10.938+05:30  INFO 14792 --- [SpringBootWithDataJPA] [main] c.e.d.SpringBootWithDataJpaApplication   : Started SpringBootWithDataJpaApplication in 6.118 seconds (process running for 7.286)
2024-08-09T19:21:31.161+05:30  INFO 14792 --- [SpringBootWithDataJPA] [http-nio-9090-exec-4] o.a.c.c.C.[Tomcat].[localhost].[/]       : Initializing Spring DispatcherServlet 'dispatcherServlet'
2024-08-09T19:21:31.161+05:30  INFO 14792 --- [SpringBootWithDataJPA] [http-nio-9090-exec-4] o.s.web.servlet.DispatcherServlet        : Initializing Servlet 'dispatcherServlet'
2024-08-09T19:21:31.163+05:30  INFO 14792 --- [SpringBootWithDataJPA] [http-nio-9090-exec-4] o.s.web.servlet.DispatcherServlet        : Completed initialization in 1 ms
2024-08-09T19:26:26.192+05:30  INFO 21732 --- [SpringBootWithDataJPA] [main] c.e.d.SpringBootWithDataJpaApplication   : Starting SpringBootWithDataJpaApplication using Java 17.0.9 with PID 21732 (D:\Spring core\SpringBootWithDataJPA\target\classes started by user in D:\Spring core\SpringBootWithDataJPA)
2024-08-09T19:26:26.196+05:30  INFO 21732 --- [SpringBootWithDataJPA] [main] c.e.d.SpringBootWithDataJpaApplication   : No active profile set, falling back to 1 default profile: "default"
2024-08-09T19:26:27.239+05:30  INFO 21732 --- [SpringBootWithDataJPA] [main] .s.d.r.c.RepositoryConfigurationDelegate : Bootstrapping Spring Data JPA repositories in DEFAULT mode.
2024-08-09T19:26:27.318+05:30  INFO 21732 --- [SpringBootWithDataJPA] [main] .s.d.r.c.RepositoryConfigurationDelegate : Finished Spring Data repository scanning in 65 ms. Found 1 JPA repository interface.
2024-08-09T19:26:28.073+05:30  INFO 21732 --- [SpringBootWithDataJPA] [main] o.s.b.w.embedded.tomcat.TomcatWebServer  : Tomcat initialized with port 9090 (http)
2024-08-09T19:26:28.093+05:30  INFO 21732 --- [SpringBootWithDataJPA] [main] o.apache.catalina.core.StandardService   : Starting service [Tomcat]
2024-08-09T19:26:28.094+05:30  INFO 21732 --- [SpringBootWithDataJPA] [main] o.apache.catalina.core.StandardEngine    : Starting Servlet engine: [Apache Tomcat/10.1.20]
2024-08-09T19:26:28.176+05:30  INFO 21732 --- [SpringBootWithDataJPA] [main] o.a.c.c.C.[Tomcat].[localhost].[/]       : Initializing Spring embedded WebApplicationContext
2024-08-09T19:26:28.178+05:30  INFO 21732 --- [SpringBootWithDataJPA] [main] w.s.c.ServletWebServerApplicationContext : Root WebApplicationContext: initialization completed in 1882 ms
2024-08-09T19:26:28.515+05:30  INFO 21732 --- [SpringBootWithDataJPA] [main] o.hibernate.jpa.internal.util.LogHelper  : HHH000204: Processing PersistenceUnitInfo [name: default]
2024-08-09T19:26:28.610+05:30  INFO 21732 --- [SpringBootWithDataJPA] [main] org.hibernate.Version                    : HHH000412: Hibernate ORM core version 6.4.4.Final
2024-08-09T19:26:28.680+05:30  INFO 21732 --- [SpringBootWithDataJPA] [main] o.h.c.internal.RegionFactoryInitiator    : HHH000026: Second-level cache disabled
2024-08-09T19:26:29.009+05:30  INFO 21732 --- [SpringBootWithDataJPA] [main] o.s.o.j.p.SpringPersistenceUnitInfo      : No LoadTimeWeaver setup: ignoring JPA class transformer
2024-08-09T19:26:29.056+05:30  INFO 21732 --- [SpringBootWithDataJPA] [main] com.zaxxer.hikari.HikariDataSource       : HikariPool-1 - Starting...
2024-08-09T19:26:29.478+05:30  INFO 21732 --- [SpringBootWithDataJPA] [main] com.zaxxer.hikari.pool.HikariPool        : HikariPool-1 - Added connection com.mysql.cj.jdbc.ConnectionImpl@2e40fdbd
2024-08-09T19:26:29.483+05:30  INFO 21732 --- [SpringBootWithDataJPA] [main] com.zaxxer.hikari.HikariDataSource       : HikariPool-1 - Start completed.
2024-08-09T19:26:29.574+05:30  WARN 21732 --- [SpringBootWithDataJPA] [main] org.hibernate.orm.deprecation            : HHH90000025: MySQL8Dialect does not need to be specified explicitly using 'hibernate.dialect' (remove the property setting and it will be selected by default)
2024-08-09T19:26:29.575+05:30  WARN 21732 --- [SpringBootWithDataJPA] [main] org.hibernate.orm.deprecation            : HHH90000026: MySQL8Dialect has been deprecated; use org.hibernate.dialect.MySQLDialect instead
2024-08-09T19:26:30.792+05:30  INFO 21732 --- [SpringBootWithDataJPA] [main] o.h.e.t.j.p.i.JtaPlatformInitiator       : HHH000489: No JTA platform available (set 'hibernate.transaction.jta.platform' to enable JTA platform integration)
2024-08-09T19:26:30.887+05:30  INFO 21732 --- [SpringBootWithDataJPA] [main] j.LocalContainerEntityManagerFactoryBean : Initialized JPA EntityManagerFactory for persistence unit 'default'
2024-08-09T19:26:31.292+05:30  INFO 21732 --- [SpringBootWithDataJPA] [main] o.s.d.j.r.query.QueryEnhancerFactory     : Hibernate is in classpath; If applicable, HQL parser will be used.
2024-08-09T19:26:31.843+05:30  WARN 21732 --- [SpringBootWithDataJPA] [main] JpaBaseConfiguration$JpaWebConfiguration : spring.jpa.open-in-view is enabled by default. Therefore, database queries may be performed during view rendering. Explicitly configure spring.jpa.open-in-view to disable this warning
2024-08-09T19:26:32.329+05:30  INFO 21732 --- [SpringBootWithDataJPA] [main] o.s.b.w.embedded.tomcat.TomcatWebServer  : Tomcat started on port 9090 (http) with context path ''
2024-08-09T19:26:32.351+05:30  INFO 21732 --- [SpringBootWithDataJPA] [main] c.e.d.SpringBootWithDataJpaApplication   : Started SpringBootWithDataJpaApplication in 6.733 seconds (process running for 8.009)
2024-08-09T19:26:41.521+05:30  INFO 21732 --- [SpringBootWithDataJPA] [http-nio-9090-exec-2] o.a.c.c.C.[Tomcat].[localhost].[/]       : Initializing Spring DispatcherServlet 'dispatcherServlet'
2024-08-09T19:26:41.521+05:30  INFO 21732 --- [SpringBootWithDataJPA] [http-nio-9090-exec-2] o.s.web.servlet.DispatcherServlet        : Initializing Servlet 'dispatcherServlet'
2024-08-09T19:26:41.523+05:30  INFO 21732 --- [SpringBootWithDataJPA] [http-nio-9090-exec-2] o.s.web.servlet.DispatcherServlet        : Completed initialization in 2 ms
2024-08-09T19:35:17.720+05:30  INFO 19192 --- [SpringBootWithDataJPA] [main] c.e.d.SpringBootWithDataJpaApplication   : Starting SpringBootWithDataJpaApplication using Java 17.0.9 with PID 19192 (D:\Spring core\SpringBootWithDataJPA\target\classes started by user in D:\Spring core\SpringBootWithDataJPA)
2024-08-09T19:35:17.724+05:30  INFO 19192 --- [SpringBootWithDataJPA] [main] c.e.d.SpringBootWithDataJpaApplication   : No active profile set, falling back to 1 default profile: "default"
2024-08-09T19:35:18.499+05:30  INFO 19192 --- [SpringBootWithDataJPA] [main] .s.d.r.c.RepositoryConfigurationDelegate : Bootstrapping Spring Data JPA repositories in DEFAULT mode.
2024-08-09T19:35:18.562+05:30  INFO 19192 --- [SpringBootWithDataJPA] [main] .s.d.r.c.RepositoryConfigurationDelegate : Finished Spring Data repository scanning in 53 ms. Found 1 JPA repository interface.
2024-08-09T19:35:19.205+05:30  INFO 19192 --- [SpringBootWithDataJPA] [main] o.s.b.w.embedded.tomcat.TomcatWebServer  : Tomcat initialized with port 9090 (http)
2024-08-09T19:35:19.231+05:30  INFO 19192 --- [SpringBootWithDataJPA] [main] o.apache.catalina.core.StandardService   : Starting service [Tomcat]
2024-08-09T19:35:19.232+05:30  INFO 19192 --- [SpringBootWithDataJPA] [main] o.apache.catalina.core.StandardEngine    : Starting Servlet engine: [Apache Tomcat/10.1.20]
2024-08-09T19:35:19.313+05:30  INFO 19192 --- [SpringBootWithDataJPA] [main] o.a.c.c.C.[Tomcat].[localhost].[/]       : Initializing Spring embedded WebApplicationContext
2024-08-09T19:35:19.313+05:30  INFO 19192 --- [SpringBootWithDataJPA] [main] w.s.c.ServletWebServerApplicationContext : Root WebApplicationContext: initialization completed in 1518 ms
2024-08-09T19:35:19.504+05:30  INFO 19192 --- [SpringBootWithDataJPA] [main] o.hibernate.jpa.internal.util.LogHelper  : HHH000204: Processing PersistenceUnitInfo [name: default]
2024-08-09T19:35:19.604+05:30  INFO 19192 --- [SpringBootWithDataJPA] [main] org.hibernate.Version                    : HHH000412: Hibernate ORM core version 6.4.4.Final
2024-08-09T19:35:19.664+05:30  INFO 19192 --- [SpringBootWithDataJPA] [main] o.h.c.internal.RegionFactoryInitiator    : HHH000026: Second-level cache disabled
2024-08-09T19:35:19.968+05:30  INFO 19192 --- [SpringBootWithDataJPA] [main] o.s.o.j.p.SpringPersistenceUnitInfo      : No LoadTimeWeaver setup: ignoring JPA class transformer
2024-08-09T19:35:20.007+05:30  INFO 19192 --- [SpringBootWithDataJPA] [main] com.zaxxer.hikari.HikariDataSource       : HikariPool-1 - Starting...
2024-08-09T19:35:20.413+05:30  INFO 19192 --- [SpringBootWithDataJPA] [main] com.zaxxer.hikari.pool.HikariPool        : HikariPool-1 - Added connection com.mysql.cj.jdbc.ConnectionImpl@4315fe1b
2024-08-09T19:35:20.416+05:30  INFO 19192 --- [SpringBootWithDataJPA] [main] com.zaxxer.hikari.HikariDataSource       : HikariPool-1 - Start completed.
2024-08-09T19:35:20.496+05:30  WARN 19192 --- [SpringBootWithDataJPA] [main] org.hibernate.orm.deprecation            : HHH90000025: MySQL8Dialect does not need to be specified explicitly using 'hibernate.dialect' (remove the property setting and it will be selected by default)
2024-08-09T19:35:20.497+05:30  WARN 19192 --- [SpringBootWithDataJPA] [main] org.hibernate.orm.deprecation            : HHH90000026: MySQL8Dialect has been deprecated; use org.hibernate.dialect.MySQLDialect instead
2024-08-09T19:35:21.573+05:30  INFO 19192 --- [SpringBootWithDataJPA] [main] o.h.e.t.j.p.i.JtaPlatformInitiator       : HHH000489: No JTA platform available (set 'hibernate.transaction.jta.platform' to enable JTA platform integration)
2024-08-09T19:35:21.658+05:30  INFO 19192 --- [SpringBootWithDataJPA] [main] j.LocalContainerEntityManagerFactoryBean : Initialized JPA EntityManagerFactory for persistence unit 'default'
2024-08-09T19:35:21.981+05:30  INFO 19192 --- [SpringBootWithDataJPA] [main] o.s.d.j.r.query.QueryEnhancerFactory     : Hibernate is in classpath; If applicable, HQL parser will be used.
2024-08-09T19:35:22.402+05:30  WARN 19192 --- [SpringBootWithDataJPA] [main] JpaBaseConfiguration$JpaWebConfiguration : spring.jpa.open-in-view is enabled by default. Therefore, database queries may be performed during view rendering. Explicitly configure spring.jpa.open-in-view to disable this warning
2024-08-09T19:35:22.821+05:30  INFO 19192 --- [SpringBootWithDataJPA] [main] o.s.b.w.embedded.tomcat.TomcatWebServer  : Tomcat started on port 9090 (http) with context path ''
2024-08-09T19:35:22.834+05:30  INFO 19192 --- [SpringBootWithDataJPA] [main] c.e.d.SpringBootWithDataJpaApplication   : Started SpringBootWithDataJpaApplication in 5.696 seconds (process running for 6.673)
2024-08-09T19:35:42.150+05:30  INFO 19192 --- [SpringBootWithDataJPA] [http-nio-9090-exec-4] o.a.c.c.C.[Tomcat].[localhost].[/]       : Initializing Spring DispatcherServlet 'dispatcherServlet'
2024-08-09T19:35:42.150+05:30  INFO 19192 --- [SpringBootWithDataJPA] [http-nio-9090-exec-4] o.s.web.servlet.DispatcherServlet        : Initializing Servlet 'dispatcherServlet'
2024-08-09T19:35:42.166+05:30  INFO 19192 --- [SpringBootWithDataJPA] [http-nio-9090-exec-4] o.s.web.servlet.DispatcherServlet        : Completed initialization in 13 ms
2024-08-09T20:42:18.099+05:30  INFO 19192 --- [SpringBootWithDataJPA] [RMI TCP Connection(70)-127.0.0.1] inMXBeanRegistrar$SpringApplicationAdmin : Application shutdown requested.
2024-08-09T20:42:18.230+05:30  INFO 19192 --- [SpringBootWithDataJPA] [RMI TCP Connection(70)-127.0.0.1] j.LocalContainerEntityManagerFactoryBean : Closing JPA EntityManagerFactory for persistence unit 'default'
2024-08-09T20:42:18.271+05:30  INFO 19192 --- [SpringBootWithDataJPA] [RMI TCP Connection(70)-127.0.0.1] com.zaxxer.hikari.HikariDataSource       : HikariPool-1 - Shutdown initiated...
2024-08-09T20:42:18.293+05:30  INFO 19192 --- [SpringBootWithDataJPA] [RMI TCP Connection(70)-127.0.0.1] com.zaxxer.hikari.HikariDataSource       : HikariPool-1 - Shutdown completed.
