2024-05-27T17:21:24.239+05:30  INFO 14488 --- [SpringBootWithDataJPA] [main] c.e.d.SpringBootWithDataJpaApplication   : Starting SpringBootWithDataJpaApplication using Java 17.0.9 with PID 14488 (D:\Spring core\SpringBootWithDataJPA\target\classes started by user in D:\Spring core\SpringBootWithDataJPA)
2024-05-27T17:21:24.242+05:30  INFO 14488 --- [SpringBootWithDataJPA] [main] c.e.d.SpringBootWithDataJpaApplication   : No active profile set, falling back to 1 default profile: "default"
2024-05-27T17:21:24.943+05:30  INFO 14488 --- [SpringBootWithDataJPA] [main] .s.d.r.c.RepositoryConfigurationDelegate : Bootstrapping Spring Data JPA repositories in DEFAULT mode.
2024-05-27T17:21:24.995+05:30  INFO 14488 --- [SpringBootWithDataJPA] [main] .s.d.r.c.RepositoryConfigurationDelegate : Finished Spring Data repository scanning in 46 ms. Found 1 JPA repository interface.
2024-05-27T17:21:25.515+05:30  INFO 14488 --- [SpringBootWithDataJPA] [main] o.s.b.w.embedded.tomcat.TomcatWebServer  : Tomcat initialized with port 8080 (http)
2024-05-27T17:21:25.538+05:30  INFO 14488 --- [SpringBootWithDataJPA] [main] o.apache.catalina.core.StandardService   : Starting service [Tomcat]
2024-05-27T17:21:25.539+05:30  INFO 14488 --- [SpringBootWithDataJPA] [main] o.apache.catalina.core.StandardEngine    : Starting Servlet engine: [Apache Tomcat/10.1.20]
2024-05-27T17:21:25.600+05:30  INFO 14488 --- [SpringBootWithDataJPA] [main] o.a.c.c.C.[Tomcat].[localhost].[/]       : Initializing Spring embedded WebApplicationContext
2024-05-27T17:21:25.601+05:30  INFO 14488 --- [SpringBootWithDataJPA] [main] w.s.c.ServletWebServerApplicationContext : Root WebApplicationContext: initialization completed in 1318 ms
2024-05-27T17:21:25.780+05:30  INFO 14488 --- [SpringBootWithDataJPA] [main] o.hibernate.jpa.internal.util.LogHelper  : HHH000204: Processing PersistenceUnitInfo [name: default]
2024-05-27T17:21:25.855+05:30  INFO 14488 --- [SpringBootWithDataJPA] [main] org.hibernate.Version                    : HHH000412: Hibernate ORM core version 6.4.4.Final
2024-05-27T17:21:25.902+05:30  INFO 14488 --- [SpringBootWithDataJPA] [main] o.h.c.internal.RegionFactoryInitiator    : HHH000026: Second-level cache disabled
2024-05-27T17:21:26.170+05:30  INFO 14488 --- [SpringBootWithDataJPA] [main] o.s.o.j.p.SpringPersistenceUnitInfo      : No LoadTimeWeaver setup: ignoring JPA class transformer
2024-05-27T17:21:26.206+05:30  INFO 14488 --- [SpringBootWithDataJPA] [main] com.zaxxer.hikari.HikariDataSource       : HikariPool-1 - Starting...
2024-05-27T17:21:26.527+05:30  INFO 14488 --- [SpringBootWithDataJPA] [main] com.zaxxer.hikari.pool.HikariPool        : HikariPool-1 - Added connection com.mysql.cj.jdbc.ConnectionImpl@749d7c01
2024-05-27T17:21:26.529+05:30  INFO 14488 --- [SpringBootWithDataJPA] [main] com.zaxxer.hikari.HikariDataSource       : HikariPool-1 - Start completed.
2024-05-27T17:21:26.585+05:30  WARN 14488 --- [SpringBootWithDataJPA] [main] org.hibernate.orm.deprecation            : HHH90000025: MySQL8Dialect does not need to be specified explicitly using 'hibernate.dialect' (remove the property setting and it will be selected by default)
2024-05-27T17:21:26.586+05:30  WARN 14488 --- [SpringBootWithDataJPA] [main] org.hibernate.orm.deprecation            : HHH90000026: MySQL8Dialect has been deprecated; use org.hibernate.dialect.MySQLDialect instead
2024-05-27T17:21:27.546+05:30  INFO 14488 --- [SpringBootWithDataJPA] [main] o.h.e.t.j.p.i.JtaPlatformInitiator       : HHH000489: No JTA platform available (set 'hibernate.transaction.jta.platform' to enable JTA platform integration)
2024-05-27T17:21:27.594+05:30  INFO 14488 --- [SpringBootWithDataJPA] [main] j.LocalContainerEntityManagerFactoryBean : Initialized JPA EntityManagerFactory for persistence unit 'default'
2024-05-27T17:21:27.883+05:30  INFO 14488 --- [SpringBootWithDataJPA] [main] o.s.d.j.r.query.QueryEnhancerFactory     : Hibernate is in classpath; If applicable, HQL parser will be used.
2024-05-27T17:21:28.257+05:30  WARN 14488 --- [SpringBootWithDataJPA] [main] JpaBaseConfiguration$JpaWebConfiguration : spring.jpa.open-in-view is enabled by default. Therefore, database queries may be performed during view rendering. Explicitly configure spring.jpa.open-in-view to disable this warning
2024-05-27T17:21:28.596+05:30  INFO 14488 --- [SpringBootWithDataJPA] [main] o.s.b.w.embedded.tomcat.TomcatWebServer  : Tomcat started on port 8080 (http) with context path ''
2024-05-27T17:21:28.608+05:30  INFO 14488 --- [SpringBootWithDataJPA] [main] c.e.d.SpringBootWithDataJpaApplication   : Started SpringBootWithDataJpaApplication in 4.718 seconds (process running for 5.371)
2024-05-27T17:23:15.068+05:30  INFO 14488 --- [SpringBootWithDataJPA] [RMI TCP Connection(5)-127.0.0.1] inMXBeanRegistrar$SpringApplicationAdmin : Application shutdown requested.
2024-05-27T17:23:15.084+05:30  INFO 14488 --- [SpringBootWithDataJPA] [RMI TCP Connection(5)-127.0.0.1] j.LocalContainerEntityManagerFactoryBean : Closing JPA EntityManagerFactory for persistence unit 'default'
2024-05-27T17:23:15.086+05:30  INFO 14488 --- [SpringBootWithDataJPA] [RMI TCP Connection(5)-127.0.0.1] com.zaxxer.hikari.HikariDataSource       : HikariPool-1 - Shutdown initiated...
2024-05-27T17:23:15.095+05:30  INFO 14488 --- [SpringBootWithDataJPA] [RMI TCP Connection(5)-127.0.0.1] com.zaxxer.hikari.HikariDataSource       : HikariPool-1 - Shutdown completed.
